#
# A fatal error has been detected by the Java Runtime Environment:
#
#  EXCEPTION_ACCESS_VIOLATION (0xc0000005) at pc=0x000000005edbc505, pid=6208, tid=0x00000000000005b4
#
# JRE version: Java(TM) SE Runtime Environment (8.0_161-b12) (build 1.8.0_161-b12)
# Java VM: Java HotSpot(TM) 64-Bit Server VM (25.161-b12 mixed mode windows-amd64 compressed oops)
# Problematic frame:
# C  [nvoglv64.dll+0xd9c505]
#
# Failed to write core dump. Minidumps are not enabled by default on client versions of Windows
#
# If you would like to submit a bug report, please visit:
#   http://bugreport.java.com/bugreport/crash.jsp
# The crash happened outside the Java Virtual Machine in native code.
# See problematic frame for where to report the bug.
#

---------------  T H R E A D  ---------------

Current thread (0x0000000004fd3800):  JavaThread "main" [_thread_in_native, id=1460, stack(0x0000000004ed0000,0x0000000004fd0000)]

siginfo: ExceptionCode=0xc0000005, reading address 0x0000000025d6c000

Registers:
RAX=0x0000000000000080, RBX=0x0000000025c88c2c, RCX=0x0000000025cab840, RDX=0x00000000000c0804
RSP=0x0000000004fced48, RBP=0x0000000025d49430, RSI=0x0000000000040000, RDI=0x0000000023660080
R8 =0x000000000003ffec, R9 =0x00000000000003a8, R10=0x0000000025d49430, R11=0x0000000025c88c2c
R12=0x0000000000001908, R13=0x0000000000000000, R14=0x0000000000000080, R15=0x0000000000001404
RIP=0x000000005edbc505, EFLAGS=0x0000000000010202

Top of Stack: (sp=0x0000000004fced48)
0x0000000004fced48:   000000005e5e0812 0000000000000080
0x0000000004fced58:   0000000000000010 000000001e6b3e20
0x0000000004fced68:   000000001e6b3e20 0000000000001908
0x0000000004fced78:   0000000000001404 0000000025d49430
0x0000000004fced88:   00000007c0063f68 0000000000040000
0x0000000004fced98:   0000000004fd3800 0000000004fd3800
0x0000000004fceda8:   0000000004fcef60 000000001e6d86d8
0x0000000004fcedb8:   0000000000000000 0000000025d49430
0x0000000004fcedc8:   0000000000000010 0000000004fceef8
0x0000000004fcedd8:   00007ffefd5b1045 0000000000000de1
0x0000000004fcede8:   0000000000000000 0000000000001908
0x0000000004fcedf8:   0000000000000de1 0000000000000080
0x0000000004fcee08:   0000000000000000 0000000000001908
0x0000000004fcee18:   0000000000001404 0000000025d49430
0x0000000004fcee28:   00000007c00a9a48 000000001e6d86d8
0x0000000004fcee38:   00000000050e8627 000000001e6d8770 

Instructions: (pc=0x000000005edbc505)
0x000000005edbc4e5:   29 49 f0 0f 10 04 0a 0f 10 4c 0a 10 48 81 c1 80
0x000000005edbc4f5:   00 00 00 0f 29 41 80 0f 29 49 90 0f 10 44 0a a0
0x000000005edbc505:   0f 10 4c 0a b0 49 ff c9 0f 29 41 a0 0f 29 49 b0
0x000000005edbc515:   0f 10 44 0a c0 0f 10 4c 0a d0 0f 29 41 c0 0f 29 


Register to memory mapping:

RAX=0x0000000000000080 is an unknown value
RBX=0x0000000025c88c2c is an unknown value
RCX=0x0000000025cab840 is an unknown value
RDX=0x00000000000c0804 is an unknown value
RSP=0x0000000004fced48 is pointing into the stack for thread: 0x0000000004fd3800
RBP=0x0000000025d49430 is an unknown value
RSI=0x0000000000040000 is an unknown value
RDI=0x0000000023660080 is an unknown value
R8 =0x000000000003ffec is an unknown value
R9 =0x00000000000003a8 is an unknown value
R10=0x0000000025d49430 is an unknown value
R11=0x0000000025c88c2c is an unknown value
R12=0x0000000000001908 is an unknown value
R13=0x0000000000000000 is an unknown value
R14=0x0000000000000080 is an unknown value
R15=0x0000000000001404 is an unknown value


Stack: [0x0000000004ed0000,0x0000000004fd0000],  sp=0x0000000004fced48,  free space=1019k
Native frames: (J=compiled Java code, j=interpreted, Vv=VM code, C=native code)
C  [nvoglv64.dll+0xd9c505]
C  [nvoglv64.dll+0x5c0812]
C  [lwjgl_opengl.dll+0x11045]
C  0x00000000050e8627

Java frames: (J=compiled Java code, j=interpreted, Vv=VM code)
j  org.lwjgl.opengl.GL11.nglTexImage2D(IIIIIIIIJ)V+0
j  org.lwjgl.opengl.GL11.glTexImage2D(IIIIIIIILjava/nio/ByteBuffer;)V+17
j  com.cekeh.lwjgl.opengl.Texture.loadImage(Ljava/lang/String;)V+184
j  com.cekeh.lwjgl.opengl.Texture.<init>(Ljava/lang/String;I)V+22
j  com.cekeh.scenes.TestScene.<init>()V+425
j  com.cekeh.lwjgl.opengl.Game.<init>(IILjava/lang/String;)V+28
j  com.cekeh.games.TestGame.<init>()V+9
j  com.cekeh.client.Client.<init>()V+17
j  com.cekeh.client.Client.main([Ljava/lang/String;)V+4
v  ~StubRoutines::call_stub

---------------  P R O C E S S  ---------------

Java Threads: ( => current thread )
  0x000000002207a000 JavaThread "Java2D Disposer" daemon [_thread_blocked, id=13080, stack(0x000000002d780000,0x000000002d880000)]
  0x0000000020b51800 JavaThread "Service Thread" daemon [_thread_blocked, id=15268, stack(0x0000000021680000,0x0000000021780000)]
  0x0000000020acc000 JavaThread "C1 CompilerThread3" daemon [_thread_blocked, id=7304, stack(0x0000000021580000,0x0000000021680000)]
  0x0000000020ac4800 JavaThread "C2 CompilerThread2" daemon [_thread_blocked, id=11044, stack(0x0000000021480000,0x0000000021580000)]
  0x0000000020ac1000 JavaThread "C2 CompilerThread1" daemon [_thread_blocked, id=6652, stack(0x0000000021380000,0x0000000021480000)]
  0x0000000020abe800 JavaThread "C2 CompilerThread0" daemon [_thread_blocked, id=4328, stack(0x0000000021280000,0x0000000021380000)]
  0x0000000020ab8800 JavaThread "Attach Listener" daemon [_thread_blocked, id=11604, stack(0x0000000021180000,0x0000000021280000)]
  0x000000001eb8e000 JavaThread "Signal Dispatcher" daemon [_thread_blocked, id=12328, stack(0x0000000021080000,0x0000000021180000)]
  0x0000000020ab0800 JavaThread "Finalizer" daemon [_thread_blocked, id=7644, stack(0x0000000020e90000,0x0000000020f90000)]
  0x000000001eb7d800 JavaThread "Reference Handler" daemon [_thread_blocked, id=11788, stack(0x0000000020990000,0x0000000020a90000)]
=>0x0000000004fd3800 JavaThread "main" [_thread_in_native, id=1460, stack(0x0000000004ed0000,0x0000000004fd0000)]

Other Threads:
  0x000000001eb79000 VMThread [stack: 0x0000000020890000,0x0000000020990000] [id=14524]
  0x0000000020b6c800 WatcherThread [stack: 0x0000000021780000,0x0000000021880000] [id=13308]

VM state:not at safepoint (normal execution)

VM Mutex/Monitor currently owned by a thread: None

Heap:
 PSYoungGen      total 76288K, used 22487K [0x000000076af00000, 0x0000000770400000, 0x00000007c0000000)
  eden space 65536K, 34% used [0x000000076af00000,0x000000076c4f5fe0,0x000000076ef00000)
  from space 10752K, 0% used [0x000000076f980000,0x000000076f980000,0x0000000770400000)
  to   space 10752K, 0% used [0x000000076ef00000,0x000000076ef00000,0x000000076f980000)
 ParOldGen       total 175104K, used 0K [0x00000006c0c00000, 0x00000006cb700000, 0x000000076af00000)
  object space 175104K, 0% used [0x00000006c0c00000,0x00000006c0c00000,0x00000006cb700000)
 Metaspace       used 10521K, capacity 10731K, committed 11136K, reserved 1058816K
  class space    used 944K, capacity 1036K, committed 1152K, reserved 1048576K

Card table byte_map: [0x0000000014490000,0x0000000014c90000] byte_map_base: 0x0000000010e8a000

Marking Bits: (ParMarkBitMap*) 0x00000000639ef860
 Begin Bits: [0x00000000159f0000, 0x00000000199c0000)
 End Bits:   [0x00000000199c0000, 0x000000001d990000)

Polling page: 0x0000000004df0000

CodeCache: size=245760Kb used=3318Kb max_used=3329Kb free=242441Kb
 bounds [0x00000000050d0000, 0x0000000005420000, 0x00000000140d0000]
 total_blobs=1678 nmethods=788 adapters=804
 compilation: enabled

Compilation events (10 events):
Event: 1.468 Thread 0x0000000020acc000  784       3       sun.awt.image.ByteInterleavedRaster::putByteData (834 bytes)
Event: 1.468 Thread 0x0000000020ac4800  785       4       com.sun.imageio.plugins.png.PNGImageReader::decodeUpFilter (53 bytes)
Event: 1.469 Thread 0x0000000020acc000 nmethod 784 0x000000000540ba10 code [0x000000000540bd00, 0x000000000540d488]
Event: 1.469 Thread 0x0000000020acc000  786       1       java.awt.image.Raster::getWidth (5 bytes)
Event: 1.469 Thread 0x0000000020acc000 nmethod 786 0x0000000005409490 code [0x00000000054095e0, 0x00000000054096f0]
Event: 1.469 Thread 0x0000000020acc000  787       1       java.awt.image.Raster::getHeight (5 bytes)
Event: 1.469 Thread 0x0000000020acc000 nmethod 787 0x00000000054091d0 code [0x0000000005409320, 0x0000000005409430]
Event: 1.469 Thread 0x0000000020acc000  788       1       sun.awt.image.ByteInterleavedRaster::getDataStorage (5 bytes)
Event: 1.469 Thread 0x0000000020acc000 nmethod 788 0x0000000005408f10 code [0x0000000005409060, 0x0000000005409170]
Event: 1.470 Thread 0x0000000020ac4800 nmethod 785 0x0000000005408b90 code [0x0000000005408cc0, 0x0000000005408e58]

GC Heap History (0 events):
No events

Deoptimization events (3 events):
Event: 0.124 Thread 0x0000000004fd3800 Uncommon trap: reason=unstable_if action=reinterpret pc=0x00000000051eed44 method=java.lang.String.hashCode()I @ 14
Event: 1.367 Thread 0x0000000004fd3800 Uncommon trap: reason=unstable_if action=reinterpret pc=0x0000000005284558 method=java.lang.String.indexOf([CII[CIII)I @ 3
Event: 1.460 Thread 0x0000000004fd3800 Uncommon trap: reason=unstable_if action=reinterpret pc=0x00000000053e6910 method=com.sun.imageio.plugins.png.PNGImageReader.paethPredictor(III)I @ 41

Classes redefined (0 events):
No events

Internal exceptions (10 events):
Event: 0.168 Thread 0x0000000004fd3800 Exception <a 'java/lang/NoSuchMethodError': java.lang.Object.lambda$static$0(Ljava/lang/String;)Ljava/lang/Boolean;> (0x000000076b204840) thrown at [C:\re\workspace\8-2-build-windows-amd64-cygwin\jdk8u161\10277\hotspot\src\share\vm\interpreter\linkResolve
Event: 0.181 Thread 0x0000000004fd3800 Exception <a 'java/lang/NoSuchFieldError': method resolution failed> (0x000000076b27c838) thrown at [C:\re\workspace\8-2-build-windows-amd64-cygwin\jdk8u161\10277\hotspot\src\share\vm\prims\methodHandles.cpp, line 1167]
Event: 0.183 Thread 0x0000000004fd3800 Exception <a 'java/lang/NoSuchFieldError': method resolution failed> (0x000000076b289c38) thrown at [C:\re\workspace\8-2-build-windows-amd64-cygwin\jdk8u161\10277\hotspot\src\share\vm\prims\methodHandles.cpp, line 1167]
Event: 0.237 Thread 0x0000000004fd3800 Exception <a 'java/security/PrivilegedActionException'> (0x000000076b409288) thrown at [C:\re\workspace\8-2-build-windows-amd64-cygwin\jdk8u161\10277\hotspot\src\share\vm\prims\jvm.cpp, line 1390]
Event: 0.237 Thread 0x0000000004fd3800 Exception <a 'java/security/PrivilegedActionException'> (0x000000076b409498) thrown at [C:\re\workspace\8-2-build-windows-amd64-cygwin\jdk8u161\10277\hotspot\src\share\vm\prims\jvm.cpp, line 1390]
Event: 0.238 Thread 0x0000000004fd3800 Exception <a 'java/security/PrivilegedActionException'> (0x000000076b40d2f0) thrown at [C:\re\workspace\8-2-build-windows-amd64-cygwin\jdk8u161\10277\hotspot\src\share\vm\prims\jvm.cpp, line 1390]
Event: 0.238 Thread 0x0000000004fd3800 Exception <a 'java/security/PrivilegedActionException'> (0x000000076b40d500) thrown at [C:\re\workspace\8-2-build-windows-amd64-cygwin\jdk8u161\10277\hotspot\src\share\vm\prims\jvm.cpp, line 1390]
Event: 0.940 Thread 0x0000000004fd3800 Exception <a 'sun/nio/fs/WindowsException'> (0x000000076b763ef8) thrown at [C:\re\workspace\8-2-build-windows-amd64-cygwin\jdk8u161\10277\hotspot\src\share\vm\prims\jni.cpp, line 709]
Event: 0.941 Thread 0x0000000004fd3800 Exception <a 'sun/nio/fs/WindowsException'> (0x000000076b7646f0) thrown at [C:\re\workspace\8-2-build-windows-amd64-cygwin\jdk8u161\10277\hotspot\src\share\vm\prims\jni.cpp, line 709]
Event: 1.342 Thread 0x0000000004fd3800 Exception <a 'java/io/FileNotFoundException'> (0x000000076c17c188) thrown at [C:\re\workspace\8-2-build-windows-amd64-cygwin\jdk8u161\10277\hotspot\src\share\vm\prims\jni.cpp, line 709]

Events (10 events):
Event: 1.458 Executing VM operation: Deoptimize done
Event: 1.458 loading class java/awt/image/DataBufferByte
Event: 1.459 loading class java/awt/image/DataBufferByte done
Event: 1.459 Executing VM operation: Deoptimize
Event: 1.459 Executing VM operation: Deoptimize done
Event: 1.460 Thread 0x0000000004fd3800 Uncommon trap: trap_request=0xffffff65 fr.pc=0x00000000053e6910
Event: 1.460 Thread 0x0000000004fd3800 DEOPT PACKING pc=0x00000000053e6910 sp=0x0000000004fcea20
Event: 1.460 Thread 0x0000000004fd3800 DEOPT UNPACKING pc=0x000000000511583b sp=0x0000000004fce9b0 mode 2
Event: 1.468 Thread 0x0000000004fd3800 DEOPT PACKING pc=0x00000000053e982c sp=0x0000000004fcead0
Event: 1.468 Thread 0x0000000004fd3800 DEOPT UNPACKING pc=0x0000000005117490 sp=0x0000000004fce7e8 mode 0


Dynamic libraries:
0x00007ff75ad50000 - 0x00007ff75ad87000 	C:\Program Files\Java\jre1.8.0_161\bin\javaw.exe
0x00007fff2bc00000 - 0x00007fff2bde0000 	C:\WINDOWS\SYSTEM32\ntdll.dll
0x00007fff29890000 - 0x00007fff2993e000 	C:\WINDOWS\System32\KERNEL32.DLL
0x00007fff28e60000 - 0x00007fff290c6000 	C:\WINDOWS\System32\KERNELBASE.dll
0x00007fff29690000 - 0x00007fff29731000 	C:\WINDOWS\System32\ADVAPI32.dll
0x00007fff29740000 - 0x00007fff297dd000 	C:\WINDOWS\System32\msvcrt.dll
0x00007fff29630000 - 0x00007fff2968b000 	C:\WINDOWS\System32\sechost.dll
0x00007fff2ae90000 - 0x00007fff2afaf000 	C:\WINDOWS\System32\RPCRT4.dll
0x00007fff2b2a0000 - 0x00007fff2b42f000 	C:\WINDOWS\System32\USER32.dll
0x00007fff280b0000 - 0x00007fff280d0000 	C:\WINDOWS\System32\win32u.dll
0x00007fff2afb0000 - 0x00007fff2afd8000 	C:\WINDOWS\System32\GDI32.dll
0x00007fff28820000 - 0x00007fff289b3000 	C:\WINDOWS\System32\gdi32full.dll
0x00007fff28b70000 - 0x00007fff28c0b000 	C:\WINDOWS\System32\msvcp_win.dll
0x00007fff289c0000 - 0x00007fff28ab6000 	C:\WINDOWS\System32\ucrtbase.dll
0x00007fff0ade0000 - 0x00007fff0b049000 	C:\WINDOWS\WinSxS\amd64_microsoft.windows.common-controls_6595b64144ccf1df_6.0.16299.431_none_15c7d3ee93659e73\COMCTL32.dll
0x00007fff290f0000 - 0x00007fff293f8000 	C:\WINDOWS\System32\combase.dll
0x00007fff28c10000 - 0x00007fff28c82000 	C:\WINDOWS\System32\bcryptPrimitives.dll
0x00007fff29840000 - 0x00007fff2986d000 	C:\WINDOWS\System32\IMM32.DLL
0x0000000062b80000 - 0x0000000062c52000 	C:\Program Files\Java\jre1.8.0_161\bin\msvcr100.dll
0x00000000631d0000 - 0x0000000063a6f000 	C:\Program Files\Java\jre1.8.0_161\bin\server\jvm.dll
0x00007fff294d0000 - 0x00007fff294d8000 	C:\WINDOWS\System32\PSAPI.DLL
0x00007fff107c0000 - 0x00007fff107e3000 	C:\WINDOWS\SYSTEM32\WINMM.dll
0x00007fff0cd20000 - 0x00007fff0cd29000 	C:\WINDOWS\SYSTEM32\WSOCK32.dll
0x00007fff241c0000 - 0x00007fff241ca000 	C:\WINDOWS\SYSTEM32\VERSION.dll
0x00007fff2b1d0000 - 0x00007fff2b23c000 	C:\WINDOWS\System32\WS2_32.dll
0x00007fff0eaa0000 - 0x00007fff0eaca000 	C:\WINDOWS\SYSTEM32\WINMMBASE.dll
0x00007fff28060000 - 0x00007fff280aa000 	C:\WINDOWS\System32\cfgmgr32.dll
0x00000000631c0000 - 0x00000000631cf000 	C:\Program Files\Java\jre1.8.0_161\bin\verify.dll
0x0000000063190000 - 0x00000000631b9000 	C:\Program Files\Java\jre1.8.0_161\bin\java.dll
0x0000000063170000 - 0x0000000063186000 	C:\Program Files\Java\jre1.8.0_161\bin\zip.dll
0x00007fff29940000 - 0x00007fff2ad78000 	C:\WINDOWS\System32\SHELL32.dll
0x00007fff294e0000 - 0x00007fff29586000 	C:\WINDOWS\System32\shcore.dll
0x00007fff280d0000 - 0x00007fff28817000 	C:\WINDOWS\System32\windows.storage.dll
0x00007fff297e0000 - 0x00007fff29831000 	C:\WINDOWS\System32\shlwapi.dll
0x00007fff27f50000 - 0x00007fff27f61000 	C:\WINDOWS\System32\kernel.appcore.dll
0x00007fff27f90000 - 0x00007fff27fdc000 	C:\WINDOWS\System32\powrprof.dll
0x00007fff27fe0000 - 0x00007fff27ffb000 	C:\WINDOWS\System32\profapi.dll
0x0000000063150000 - 0x000000006316a000 	C:\Program Files\Java\jre1.8.0_161\bin\net.dll
0x00007fff277e0000 - 0x00007fff27846000 	C:\WINDOWS\system32\mswsock.dll
0x0000000063130000 - 0x0000000063141000 	C:\Program Files\Java\jre1.8.0_161\bin\nio.dll
0x00007ffeffcc0000 - 0x00007ffeffd1b000 	C:\Users\Thomas\AppData\Local\Temp\lwjglThomas\3.1.6-build-14\lwjgl.dll
0x00007ffefdba0000 - 0x00007ffefdbf1000 	C:\Users\Thomas\AppData\Local\Temp\lwjglThomas\3.1.6-build-14\glfw.dll
0x00007fff26450000 - 0x00007fff264e5000 	C:\WINDOWS\system32\uxtheme.dll
0x00007ffeffc70000 - 0x00007ffeffcb3000 	C:\WINDOWS\SYSTEM32\dinput8.dll
0x00007fff23f30000 - 0x00007fff23f40000 	C:\WINDOWS\SYSTEM32\xinput1_4.dll
0x00007fff27d60000 - 0x00007fff27d87000 	C:\WINDOWS\SYSTEM32\DEVOBJ.dll
0x00007fff26690000 - 0x00007fff266ba000 	C:\WINDOWS\SYSTEM32\dwmapi.dll
0x00007fff05290000 - 0x00007fff052be000 	C:\WINDOWS\SYSTEM32\inputhost.dll
0x00007fff06640000 - 0x00007fff0692e000 	C:\WINDOWS\SYSTEM32\CoreUIComponents.dll
0x00007fff25b20000 - 0x00007fff25bfc000 	C:\WINDOWS\SYSTEM32\CoreMessaging.dll
0x00007fff27080000 - 0x00007fff270b1000 	C:\WINDOWS\SYSTEM32\ntmarta.dll
0x00007fff22570000 - 0x00007fff226a6000 	C:\WINDOWS\SYSTEM32\wintypes.dll
0x00007fff2b060000 - 0x00007fff2b1c7000 	C:\WINDOWS\System32\MSCTF.dll
0x00007fff29400000 - 0x00007fff294c5000 	C:\WINDOWS\System32\OLEAUT32.dll
0x00007fff26ce0000 - 0x00007fff26cec000 	C:\WINDOWS\SYSTEM32\HID.DLL
0x00007fff2b580000 - 0x00007fff2b9ce000 	C:\WINDOWS\System32\SETUPAPI.DLL
0x00007fff28000000 - 0x00007fff28058000 	C:\WINDOWS\System32\WINTRUST.dll
0x00007fff27f70000 - 0x00007fff27f82000 	C:\WINDOWS\System32\MSASN1.dll
0x00007fff28c90000 - 0x00007fff28e5e000 	C:\WINDOWS\System32\CRYPT32.dll
0x00007ffeff760000 - 0x00007ffeff87e000 	C:\WINDOWS\SYSTEM32\opengl32.dll
0x00007fff0c360000 - 0x00007fff0c38c000 	C:\WINDOWS\SYSTEM32\GLU32.dll
0x000000005e020000 - 0x0000000060518000 	C:\WINDOWS\System32\DriverStore\FileRepository\nv_dispi.inf_amd64_38c9bee769f9ef1f\nvoglv64.dll
0x00007fff2b430000 - 0x00007fff2b579000 	C:\WINDOWS\System32\ole32.dll
0x00007fff244c0000 - 0x00007fff244d3000 	C:\WINDOWS\SYSTEM32\WTSAPI32.dll
0x00007ffedcb80000 - 0x00007ffedcde6000 	C:\WINDOWS\system32\nvspcap64.dll
0x00007fff270f0000 - 0x00007fff27145000 	C:\WINDOWS\SYSTEM32\WINSTA.dll
0x00007fff06cb0000 - 0x00007fff06d48000 	C:\WINDOWS\System32\TextInputFramework.dll
0x00007ffefd5a0000 - 0x00007ffefd5ff000 	C:\Users\Thomas\AppData\Local\Temp\lwjglThomas\3.1.6-build-14\lwjgl_opengl.dll
0x00000000629e0000 - 0x0000000062b78000 	C:\Program Files\Java\jre1.8.0_161\bin\awt.dll
0x00007fff26160000 - 0x00007fff261e8000 	C:\WINDOWS\SYSTEM32\apphelp.dll
0x00007fff279a0000 - 0x00007fff279b7000 	C:\WINDOWS\SYSTEM32\CRYPTSP.dll
0x00007fff273e0000 - 0x00007fff27413000 	C:\WINDOWS\system32\rsaenh.dll
0x00007fff27ab0000 - 0x00007fff27ad5000 	C:\WINDOWS\SYSTEM32\bcrypt.dll
0x00007fff27e50000 - 0x00007fff27e79000 	C:\WINDOWS\SYSTEM32\USERENV.dll
0x00007fff279c0000 - 0x00007fff279cb000 	C:\WINDOWS\SYSTEM32\CRYPTBASE.dll
0x00007fff27570000 - 0x00007fff275a9000 	C:\WINDOWS\SYSTEM32\IPHLPAPI.DLL
0x00007fff29880000 - 0x00007fff29888000 	C:\WINDOWS\System32\NSI.dll
0x00007fff21830000 - 0x00007fff21846000 	C:\WINDOWS\SYSTEM32\dhcpcsvc6.DLL
0x00007fff217f0000 - 0x00007fff2180a000 	C:\WINDOWS\SYSTEM32\dhcpcsvc.DLL
0x00007fff23060000 - 0x00007fff23228000 	C:\WINDOWS\SYSTEM32\dbghelp.dll

VM Arguments:
jvm_args: -Djava.library.path=C:\Users\Thomas\Downloads\lwjgl3 -Dfile.encoding=Cp1252 
java_command: com.cekeh.client.Client
java_class_path (initial): C:\Program Files\Java\jre1.8.0_161\lib\resources.jar;C:\Program Files\Java\jre1.8.0_161\lib\rt.jar;C:\Program Files\Java\jre1.8.0_161\lib\jsse.jar;C:\Program Files\Java\jre1.8.0_161\lib\jce.jar;C:\Program Files\Java\jre1.8.0_161\lib\charsets.jar;C:\Program Files\Java\jre1.8.0_161\lib\jfr.jar;C:\Program Files\Java\jre1.8.0_161\lib\ext\access-bridge-64.jar;C:\Program Files\Java\jre1.8.0_161\lib\ext\cldrdata.jar;C:\Program Files\Java\jre1.8.0_161\lib\ext\dnsns.jar;C:\Program Files\Java\jre1.8.0_161\lib\ext\jaccess.jar;C:\Program Files\Java\jre1.8.0_161\lib\ext\jfxrt.jar;C:\Program Files\Java\jre1.8.0_161\lib\ext\localedata.jar;C:\Program Files\Java\jre1.8.0_161\lib\ext\nashorn.jar;C:\Program Files\Java\jre1.8.0_161\lib\ext\sunec.jar;C:\Program Files\Java\jre1.8.0_161\lib\ext\sunjce_provider.jar;C:\Program Files\Java\jre1.8.0_161\lib\ext\sunmscapi.jar;C:\Program Files\Java\jre1.8.0_161\lib\ext\sunpkcs11.jar;C:\Program Files\Java\jre1.8.0_161\lib\ext\zipfs.jar;C:\Users\Thomas\eclipse-workspace-2\CSMClient1.5\bin;C:\Users\Thomas\Downloads\lwjgl3\lwjgl.jar;C:\Users\Thomas\Downloads\lwjgl3\lwjgl-assimp.jar;C:\Users\Thomas\Downloads\lwjgl3\lwjgl-assimp-natives-windows.jar;C:\Users\Thomas\Downloads\lwjgl3\lwjgl-bgfx.jar;C:\Users\Thomas\Downloads\lwjgl3\lwjgl-bgfx-natives-windows.jar;C:\Users\Thomas\Downloads\lwjgl3\lwjgl-egl.jar;C:\Users\Thomas\Downloads\lwjgl3\lwjgl-glfw.jar;C:\Users\Thomas\Downloads\lwjgl3\lwjgl-glfw-natives-windows.jar;C:\Users\Thomas\Downloads\lwjgl3\lwjgl-javadoc.jar;C:\Users\Thomas\Downloads\lwjgl3\lwjgl-jawt.jar;C:\Users\Thomas\Downloads\lwjgl3\lwjgl-jemalloc.jar;C:\Users\Thomas\Downloads\lwjgl3\lwjgl-jemalloc-natives-windows.jar;C:\Users\Thomas\Downloads\lwjgl3\lwjgl-lmdb.jar;C:\Users\Thomas\Downloads\lwjgl3\lwjgl-lmdb-natives-windows.jar;C:\Users\Thomas\Downloads\lwjgl3\lwjgl-lz4.jar;C:\Users\Thomas\Downloads\lwjgl3\lwjgl-lz4-natives-windows.jar;C:\Users\Thomas\Downloads\lwjgl3\lwjgl-nanovg.jar;C:\Users\Thomas\Downloads\l
Launcher Type: SUN_STANDARD

Environment Variables:
PATH=C:/Program Files/Java/jre1.8.0_161/bin/server;C:/Program Files/Java/jre1.8.0_161/bin;C:/Program Files/Java/jre1.8.0_161/lib/amd64;C:\ProgramData\Oracle\Java\javapath;C:\WINDOWS\system32;C:\WINDOWS;C:\WINDOWS\System32\Wbem;C:\WINDOWS\System32\WindowsPowerShell\v1.0\;C:\Program Files (x86)\NVIDIA Corporation\PhysX\Common;C:\Program Files (x86)\GtkSharp\2.12\bin;C:\WINDOWS\system32;C:\WINDOWS;C:\WINDOWS\System32\Wbem;C:\WINDOWS\System32\WindowsPowerShell\v1.0\;C:\Program Files\dotnet\;C:\Program Files\Microsoft SQL Server\130\Tools\Binn\;C:\Program Files (x86)\Microsoft SQL Server\140\Tools\Binn\;C:\Program Files\Microsoft SQL Server\Client SDK\ODBC\130\Tools\Binn\;C:\Program Files\Microsoft SQL Server\140\Tools\Binn\;C:\Program Files\Microsoft SQL Server\140\DTS\Binn\;C:\ProgramData\Oracle\Java\javapath;C:\WINDOWS\system32;C:\WINDOWS;C:\WINDOWS\System32\Wbem;C:\WINDOWS\System32\WindowsPowerShell\v1.0\;C:\Users\Thomas\adb;%USERPROFILE%\AppData\Local\Microsoft\WindowsApps;;C:\Users\Thomas\eclipse\java-oxygen;
USERNAME=Thomas
OS=Windows_NT
PROCESSOR_IDENTIFIER=AMD64 Family 21 Model 1 Stepping 2, AuthenticAMD



---------------  S Y S T E M  ---------------

OS: Windows 10.0 , 64 bit Build 16299 (10.0.16299.431)

CPU:total 8 (initial active 8) (8 cores per cpu, 1 threads per core) family 21 model 1 stepping 2, cmov, cx8, fxsr, mmx, sse, sse2, sse3, ssse3, sse4.1, sse4.2, popcnt, avx, aes, clmul, mmxext, 3dnowpref, lzcnt, sse4a, tsc, tscinvbit, tscinv

Memory: 4k page, physical 16722364k(10340548k free), swap 19212732k(8258652k free)

vm_info: Java HotSpot(TM) 64-Bit Server VM (25.161-b12) for windows-amd64 JRE (1.8.0_161-b12), built on Dec 19 2017 17:52:25 by "java_re" with MS VC++ 10.0 (VS2010)

time: Wed May 23 06:30:23 2018
elapsed time: 1 seconds (0d 0h 0m 1s)

