#
# A fatal error has been detected by the Java Runtime Environment:
#
#  EXCEPTION_ACCESS_VIOLATION (0xc0000005) at pc=0x000000006153c4e8, pid=13344, tid=0x0000000000001b84
#
# JRE version: Java(TM) SE Runtime Environment (8.0_161-b12) (build 1.8.0_161-b12)
# Java VM: Java HotSpot(TM) 64-Bit Server VM (25.161-b12 mixed mode windows-amd64 compressed oops)
# Problematic frame:
# C  [nvoglv64.dll+0xd9c4e8]
#
# Failed to write core dump. Minidumps are not enabled by default on client versions of Windows
#
# If you would like to submit a bug report, please visit:
#   http://bugreport.java.com/bugreport/crash.jsp
# The crash happened outside the Java Virtual Machine in native code.
# See problematic frame for where to report the bug.
#

---------------  T H R E A D  ---------------

Current thread (0x00000000047a3800):  JavaThread "main" [_thread_in_native, id=7044, stack(0x00000000046a0000,0x00000000047a0000)]

siginfo: ExceptionCode=0xc0000005, reading address 0x000000002549b000

Registers:
RAX=0x0000000000000080, RBX=0x00000000253c85e4, RCX=0x00000000253d6600, RDX=0x00000000000c49fc
RSP=0x000000000479f068, RBP=0x000000002548cfe0, RSI=0x0000000000010000, RDI=0x0000000022dbe080
R8 =0x000000000000ffe4, R9 =0x000000000000003f, R10=0x000000002548cfe0, R11=0x00000000253c85e4
R12=0x0000000000001908, R13=0x0000000000000000, R14=0x0000000000000080, R15=0x0000000000001401
RIP=0x000000006153c4e8, EFLAGS=0x0000000000010216

Top of Stack: (sp=0x000000000479f068)
0x000000000479f068:   0000000060d60812 0000000000000080
0x000000000479f078:   0000000000000450 0000000000000000
0x000000000479f088:   00007ffefdbb0fe0 0000000000001908
0x000000000479f098:   0000000000001401 000000002548cfe0
0x000000000479f0a8:   0000000000000000 0000000000010000
0x000000000479f0b8:   00000000045c79d0 00000000047a3800
0x000000000479f0c8:   000000000479f280 000000001dea86d8
0x000000000479f0d8:   0000000000000000 00000000048a835d
0x000000000479f0e8:   0000000000000450 000000000479f218
0x000000000479f0f8:   00007ffefdbb1045 0000000000000de1
0x000000000479f108:   0000000000000000 0000000000001908
0x000000000479f118:   0000000000000de1 0000000000000080
0x000000000479f128:   0000000000000000 0000000000001908
0x000000000479f138:   0000000000001401 000000002548cfe0
0x000000000479f148:   0000000000000450 000000001dea86d8
0x000000000479f158:   00000000048b8627 000000001dea8900 

Instructions: (pc=0x000000006153c4e8)
0x000000006153c4c8:   4c 3b 0d f1 e0 57 01 76 17 e9 c2 00 00 00 66 66
0x000000006153c4d8:   0f 1f 84 00 00 00 00 00 0f 29 41 e0 0f 29 49 f0
0x000000006153c4e8:   0f 10 04 0a 0f 10 4c 0a 10 48 81 c1 80 00 00 00
0x000000006153c4f8:   0f 29 41 80 0f 29 49 90 0f 10 44 0a a0 0f 10 4c 


Register to memory mapping:

RAX=0x0000000000000080 is an unknown value
RBX=0x00000000253c85e4 is an unknown value
RCX=0x00000000253d6600 is an unknown value
RDX=0x00000000000c49fc is an unknown value
RSP=0x000000000479f068 is pointing into the stack for thread: 0x00000000047a3800
RBP=0x000000002548cfe0 is an unknown value
RSI=0x0000000000010000 is an unknown value
RDI=0x0000000022dbe080 is an unknown value
R8 =0x000000000000ffe4 is an unknown value
R9 =0x000000000000003f is an unknown value
R10=0x000000002548cfe0 is an unknown value
R11=0x00000000253c85e4 is an unknown value
R12=0x0000000000001908 is an unknown value
R13=0x0000000000000000 is an unknown value
R14=0x0000000000000080 is an unknown value
R15=0x0000000000001401 is an unknown value


Stack: [0x00000000046a0000,0x00000000047a0000],  sp=0x000000000479f068,  free space=1020k
Native frames: (J=compiled Java code, j=interpreted, Vv=VM code, C=native code)
C  [nvoglv64.dll+0xd9c4e8]
C  [nvoglv64.dll+0x5c0812]
C  [lwjgl_opengl.dll+0x11045]
C  0x00000000048b8627

Java frames: (J=compiled Java code, j=interpreted, Vv=VM code)
j  org.lwjgl.opengl.GL11.nglTexImage2D(IIIIIIIIJ)V+0
j  org.lwjgl.opengl.GL11.glTexImage2D(IIIIIIIIJ)V+14
j  com.cekeh.lwjgl.opengl.Texture.<init>(Ljava/lang/String;I)V+79
j  com.cekeh.scenes.TestScene.<init>()V+334
j  com.cekeh.lwjgl.opengl.Game.<init>(IILjava/lang/String;)V+28
j  com.cekeh.games.TestGame.<init>()V+9
j  com.cekeh.client.Client.<init>()V+17
j  com.cekeh.client.Client.main([Ljava/lang/String;)V+4
v  ~StubRoutines::call_stub

---------------  P R O C E S S  ---------------

Java Threads: ( => current thread )
  0x00000000217f2000 JavaThread "Java2D Disposer" daemon [_thread_blocked, id=9032, stack(0x000000002cfa0000,0x000000002d0a0000)]
  0x00000000202e8000 JavaThread "Service Thread" daemon [_thread_blocked, id=9964, stack(0x0000000020e10000,0x0000000020f10000)]
  0x0000000020261000 JavaThread "C1 CompilerThread3" daemon [_thread_blocked, id=4104, stack(0x0000000020d10000,0x0000000020e10000)]
  0x0000000020251000 JavaThread "C2 CompilerThread2" daemon [_thread_blocked, id=9608, stack(0x0000000020c10000,0x0000000020d10000)]
  0x000000002024d800 JavaThread "C2 CompilerThread1" daemon [_thread_in_native, id=14864, stack(0x0000000020b10000,0x0000000020c10000)]
  0x000000002024a800 JavaThread "C2 CompilerThread0" daemon [_thread_blocked, id=11388, stack(0x0000000020a10000,0x0000000020b10000)]
  0x0000000020248800 JavaThread "Attach Listener" daemon [_thread_blocked, id=14156, stack(0x0000000020910000,0x0000000020a10000)]
  0x0000000020247000 JavaThread "Signal Dispatcher" daemon [_thread_blocked, id=8044, stack(0x0000000020810000,0x0000000020910000)]
  0x0000000020240800 JavaThread "Finalizer" daemon [_thread_blocked, id=1540, stack(0x0000000020620000,0x0000000020720000)]
  0x0000000004897000 JavaThread "Reference Handler" daemon [_thread_blocked, id=1264, stack(0x0000000020120000,0x0000000020220000)]
=>0x00000000047a3800 JavaThread "main" [_thread_in_native, id=7044, stack(0x00000000046a0000,0x00000000047a0000)]

Other Threads:
  0x000000001e349000 VMThread [stack: 0x0000000020020000,0x0000000020120000] [id=14080]
  0x000000002030a800 WatcherThread [stack: 0x0000000020f10000,0x0000000021010000] [id=10284]

VM state:not at safepoint (normal execution)

VM Mutex/Monitor currently owned by a thread: None

Heap:
 PSYoungGen      total 76288K, used 21175K [0x000000076af00000, 0x0000000770400000, 0x00000007c0000000)
  eden space 65536K, 32% used [0x000000076af00000,0x000000076c3ade78,0x000000076ef00000)
  from space 10752K, 0% used [0x000000076f980000,0x000000076f980000,0x0000000770400000)
  to   space 10752K, 0% used [0x000000076ef00000,0x000000076ef00000,0x000000076f980000)
 ParOldGen       total 175104K, used 0K [0x00000006c0c00000, 0x00000006cb700000, 0x000000076af00000)
  object space 175104K, 0% used [0x00000006c0c00000,0x00000006c0c00000,0x00000006cb700000)
 Metaspace       used 10464K, capacity 10665K, committed 10880K, reserved 1058816K
  class space    used 950K, capacity 1035K, committed 1152K, reserved 1048576K

Card table byte_map: [0x0000000013c60000,0x0000000014460000] byte_map_base: 0x000000001065a000

Marking Bits: (ParMarkBitMap*) 0x00000000639ef860
 Begin Bits: [0x00000000151c0000, 0x0000000019190000)
 End Bits:   [0x0000000019190000, 0x000000001d160000)

Polling page: 0x0000000004540000

CodeCache: size=245760Kb used=3208Kb max_used=3208Kb free=242551Kb
 bounds [0x00000000048a0000, 0x0000000004bd0000, 0x00000000138a0000]
 total_blobs=1637 nmethods=753 adapters=798
 compilation: enabled

Compilation events (10 events):
Event: 1.453 Thread 0x0000000020261000  752       3       java.lang.Integer::equals (29 bytes)
Event: 1.454 Thread 0x0000000020261000 nmethod 752 0x0000000004bbedd0 code [0x0000000004bbef40, 0x0000000004bbf3b0]
Event: 1.454 Thread 0x0000000020261000  750   !   3       java.awt.color.ICC_Profile::getData (38 bytes)
Event: 1.454 Thread 0x0000000020261000 nmethod 750 0x0000000004bbf490 code [0x0000000004bbf620, 0x0000000004bbf968]
Event: 1.454 Thread 0x0000000020261000  751   !   3       sun.java2d.cmm.lcms.LCMS::getTagSize (44 bytes)
Event: 1.454 Thread 0x0000000020261000 nmethod 751 0x0000000004bbfbd0 code [0x0000000004bbfd60, 0x0000000004bc0278]
Event: 1.454 Thread 0x0000000020261000  754       3       sun.awt.image.ByteInterleavedRaster::putByteData (834 bytes)
Event: 1.456 Thread 0x0000000020261000 nmethod 754 0x0000000004bc0590 code [0x0000000004bc0880, 0x0000000004bc2008]
Event: 1.456 Thread 0x0000000020261000  753       3       sun.java2d.cmm.lcms.LCMSImageLayout::CHANNELS_SH (4 bytes)
Event: 1.456 Thread 0x0000000020261000 nmethod 753 0x0000000004bc36d0 code [0x0000000004bc3820, 0x0000000004bc3950]

GC Heap History (0 events):
No events

Deoptimization events (3 events):
Event: 0.130 Thread 0x00000000047a3800 Uncommon trap: reason=unstable_if action=reinterpret pc=0x00000000049bbbc4 method=java.lang.String.hashCode()I @ 14
Event: 1.372 Thread 0x00000000047a3800 Uncommon trap: reason=unstable_if action=reinterpret pc=0x0000000004a53fd8 method=java.lang.String.indexOf([CII[CIII)I @ 3
Event: 1.417 Thread 0x00000000047a3800 Uncommon trap: reason=unstable_if action=reinterpret pc=0x0000000004a9398c method=java.io.BufferedReader.readLine(Z)Ljava/lang/String; @ 153

Classes redefined (0 events):
No events

Internal exceptions (10 events):
Event: 0.174 Thread 0x00000000047a3800 Exception <a 'java/lang/NoSuchMethodError': java.lang.Object.lambda$static$0(Ljava/lang/String;)Ljava/lang/Boolean;> (0x000000076b204840) thrown at [C:\re\workspace\8-2-build-windows-amd64-cygwin\jdk8u161\10277\hotspot\src\share\vm\interpreter\linkResolve
Event: 0.187 Thread 0x00000000047a3800 Exception <a 'java/lang/NoSuchFieldError': method resolution failed> (0x000000076b27c838) thrown at [C:\re\workspace\8-2-build-windows-amd64-cygwin\jdk8u161\10277\hotspot\src\share\vm\prims\methodHandles.cpp, line 1167]
Event: 0.188 Thread 0x00000000047a3800 Exception <a 'java/lang/NoSuchFieldError': method resolution failed> (0x000000076b289c38) thrown at [C:\re\workspace\8-2-build-windows-amd64-cygwin\jdk8u161\10277\hotspot\src\share\vm\prims\methodHandles.cpp, line 1167]
Event: 0.243 Thread 0x00000000047a3800 Exception <a 'java/security/PrivilegedActionException'> (0x000000076b409288) thrown at [C:\re\workspace\8-2-build-windows-amd64-cygwin\jdk8u161\10277\hotspot\src\share\vm\prims\jvm.cpp, line 1390]
Event: 0.243 Thread 0x00000000047a3800 Exception <a 'java/security/PrivilegedActionException'> (0x000000076b409498) thrown at [C:\re\workspace\8-2-build-windows-amd64-cygwin\jdk8u161\10277\hotspot\src\share\vm\prims\jvm.cpp, line 1390]
Event: 0.244 Thread 0x00000000047a3800 Exception <a 'java/security/PrivilegedActionException'> (0x000000076b40d2f0) thrown at [C:\re\workspace\8-2-build-windows-amd64-cygwin\jdk8u161\10277\hotspot\src\share\vm\prims\jvm.cpp, line 1390]
Event: 0.244 Thread 0x00000000047a3800 Exception <a 'java/security/PrivilegedActionException'> (0x000000076b40d500) thrown at [C:\re\workspace\8-2-build-windows-amd64-cygwin\jdk8u161\10277\hotspot\src\share\vm\prims\jvm.cpp, line 1390]
Event: 0.964 Thread 0x00000000047a3800 Exception <a 'sun/nio/fs/WindowsException'> (0x000000076b763ef8) thrown at [C:\re\workspace\8-2-build-windows-amd64-cygwin\jdk8u161\10277\hotspot\src\share\vm\prims\jni.cpp, line 709]
Event: 0.964 Thread 0x00000000047a3800 Exception <a 'sun/nio/fs/WindowsException'> (0x000000076b7646f0) thrown at [C:\re\workspace\8-2-build-windows-amd64-cygwin\jdk8u161\10277\hotspot\src\share\vm\prims\jni.cpp, line 709]
Event: 1.349 Thread 0x00000000047a3800 Exception <a 'java/io/FileNotFoundException'> (0x000000076c17e618) thrown at [C:\re\workspace\8-2-build-windows-amd64-cygwin\jdk8u161\10277\hotspot\src\share\vm\prims\jni.cpp, line 709]

Events (10 events):
Event: 1.439 loading class java/awt/image/RasterOp done
Event: 1.439 loading class java/awt/image/ColorConvertOp done
Event: 1.439 loading class sun/java2d/cmm/lcms/LCMSImageLayout$BandOrder
Event: 1.439 loading class sun/java2d/cmm/lcms/LCMSImageLayout$BandOrder done
Event: 1.439 loading class sun/java2d/cmm/lcms/LCMSImageLayout$1
Event: 1.439 loading class sun/java2d/cmm/lcms/LCMSImageLayout$1 done
Event: 1.454 loading class java/io/RandomAccessFile$1
Event: 1.454 loading class java/io/RandomAccessFile$1 done
Event: 1.461 loading class org/lwjgl/system/libc/LibCStdlib
Event: 1.461 loading class org/lwjgl/system/libc/LibCStdlib done


Dynamic libraries:
0x00007ff75ad50000 - 0x00007ff75ad87000 	C:\Program Files\Java\jre1.8.0_161\bin\javaw.exe
0x00007fff2bc00000 - 0x00007fff2bde0000 	C:\WINDOWS\SYSTEM32\ntdll.dll
0x00007fff29890000 - 0x00007fff2993e000 	C:\WINDOWS\System32\KERNEL32.DLL
0x00007fff28e60000 - 0x00007fff290c6000 	C:\WINDOWS\System32\KERNELBASE.dll
0x00007fff29690000 - 0x00007fff29731000 	C:\WINDOWS\System32\ADVAPI32.dll
0x00007fff29740000 - 0x00007fff297dd000 	C:\WINDOWS\System32\msvcrt.dll
0x00007fff29630000 - 0x00007fff2968b000 	C:\WINDOWS\System32\sechost.dll
0x00007fff2ae90000 - 0x00007fff2afaf000 	C:\WINDOWS\System32\RPCRT4.dll
0x00007fff2b2a0000 - 0x00007fff2b42f000 	C:\WINDOWS\System32\USER32.dll
0x00007fff280b0000 - 0x00007fff280d0000 	C:\WINDOWS\System32\win32u.dll
0x00007fff2afb0000 - 0x00007fff2afd8000 	C:\WINDOWS\System32\GDI32.dll
0x00007fff28820000 - 0x00007fff289b3000 	C:\WINDOWS\System32\gdi32full.dll
0x00007fff28b70000 - 0x00007fff28c0b000 	C:\WINDOWS\System32\msvcp_win.dll
0x00007fff289c0000 - 0x00007fff28ab6000 	C:\WINDOWS\System32\ucrtbase.dll
0x00007fff0ade0000 - 0x00007fff0b049000 	C:\WINDOWS\WinSxS\amd64_microsoft.windows.common-controls_6595b64144ccf1df_6.0.16299.431_none_15c7d3ee93659e73\COMCTL32.dll
0x00007fff290f0000 - 0x00007fff293f8000 	C:\WINDOWS\System32\combase.dll
0x00007fff28c10000 - 0x00007fff28c82000 	C:\WINDOWS\System32\bcryptPrimitives.dll
0x00007fff29840000 - 0x00007fff2986d000 	C:\WINDOWS\System32\IMM32.DLL
0x0000000060400000 - 0x00000000604d2000 	C:\Program Files\Java\jre1.8.0_161\bin\msvcr100.dll
0x00000000631d0000 - 0x0000000063a6f000 	C:\Program Files\Java\jre1.8.0_161\bin\server\jvm.dll
0x00007fff294d0000 - 0x00007fff294d8000 	C:\WINDOWS\System32\PSAPI.DLL
0x00007fff0cd20000 - 0x00007fff0cd29000 	C:\WINDOWS\SYSTEM32\WSOCK32.dll
0x00007fff241c0000 - 0x00007fff241ca000 	C:\WINDOWS\SYSTEM32\VERSION.dll
0x00007fff107c0000 - 0x00007fff107e3000 	C:\WINDOWS\SYSTEM32\WINMM.dll
0x00007fff2b1d0000 - 0x00007fff2b23c000 	C:\WINDOWS\System32\WS2_32.dll
0x00007fff0eaa0000 - 0x00007fff0eaca000 	C:\WINDOWS\SYSTEM32\winmmbase.dll
0x00007fff28060000 - 0x00007fff280aa000 	C:\WINDOWS\System32\cfgmgr32.dll
0x00000000631c0000 - 0x00000000631cf000 	C:\Program Files\Java\jre1.8.0_161\bin\verify.dll
0x0000000063190000 - 0x00000000631b9000 	C:\Program Files\Java\jre1.8.0_161\bin\java.dll
0x0000000063170000 - 0x0000000063186000 	C:\Program Files\Java\jre1.8.0_161\bin\zip.dll
0x00007fff29940000 - 0x00007fff2ad78000 	C:\WINDOWS\System32\SHELL32.dll
0x00007fff294e0000 - 0x00007fff29586000 	C:\WINDOWS\System32\shcore.dll
0x00007fff280d0000 - 0x00007fff28817000 	C:\WINDOWS\System32\windows.storage.dll
0x00007fff297e0000 - 0x00007fff29831000 	C:\WINDOWS\System32\shlwapi.dll
0x00007fff27f50000 - 0x00007fff27f61000 	C:\WINDOWS\System32\kernel.appcore.dll
0x00007fff27f90000 - 0x00007fff27fdc000 	C:\WINDOWS\System32\powrprof.dll
0x00007fff27fe0000 - 0x00007fff27ffb000 	C:\WINDOWS\System32\profapi.dll
0x0000000063150000 - 0x000000006316a000 	C:\Program Files\Java\jre1.8.0_161\bin\net.dll
0x00007fff277e0000 - 0x00007fff27846000 	C:\WINDOWS\system32\mswsock.dll
0x0000000063130000 - 0x0000000063141000 	C:\Program Files\Java\jre1.8.0_161\bin\nio.dll
0x00007ffeffc70000 - 0x00007ffeffccb000 	C:\Users\Thomas\AppData\Local\Temp\lwjglThomas\3.1.6-build-14\lwjgl.dll
0x00007ffefe170000 - 0x00007ffefe1c1000 	C:\Users\Thomas\AppData\Local\Temp\lwjglThomas\3.1.6-build-14\glfw.dll
0x00007fff26450000 - 0x00007fff264e5000 	C:\WINDOWS\system32\uxtheme.dll
0x00007fff02020000 - 0x00007fff02063000 	C:\WINDOWS\SYSTEM32\dinput8.dll
0x00007fff23f30000 - 0x00007fff23f40000 	C:\WINDOWS\SYSTEM32\xinput1_4.dll
0x00007fff27d60000 - 0x00007fff27d87000 	C:\WINDOWS\SYSTEM32\DEVOBJ.dll
0x00007fff26690000 - 0x00007fff266ba000 	C:\WINDOWS\SYSTEM32\dwmapi.dll
0x00007fff05290000 - 0x00007fff052be000 	C:\WINDOWS\SYSTEM32\inputhost.dll
0x00007fff25b20000 - 0x00007fff25bfc000 	C:\WINDOWS\SYSTEM32\CoreMessaging.dll
0x00007fff06640000 - 0x00007fff0692e000 	C:\WINDOWS\SYSTEM32\CoreUIComponents.dll
0x00007fff27080000 - 0x00007fff270b1000 	C:\WINDOWS\SYSTEM32\ntmarta.dll
0x00007fff22570000 - 0x00007fff226a6000 	C:\WINDOWS\SYSTEM32\wintypes.dll
0x00007fff2b060000 - 0x00007fff2b1c7000 	C:\WINDOWS\System32\MSCTF.dll
0x00007fff29400000 - 0x00007fff294c5000 	C:\WINDOWS\System32\OLEAUT32.dll
0x00007fff26ce0000 - 0x00007fff26cec000 	C:\WINDOWS\SYSTEM32\HID.DLL
0x00007fff2b580000 - 0x00007fff2b9ce000 	C:\WINDOWS\System32\SETUPAPI.DLL
0x00007fff28000000 - 0x00007fff28058000 	C:\WINDOWS\System32\WINTRUST.dll
0x00007fff27f70000 - 0x00007fff27f82000 	C:\WINDOWS\System32\MSASN1.dll
0x00007fff28c90000 - 0x00007fff28e5e000 	C:\WINDOWS\System32\CRYPT32.dll
0x00007ffeff820000 - 0x00007ffeff93e000 	C:\WINDOWS\SYSTEM32\opengl32.dll
0x00007fff0c2a0000 - 0x00007fff0c2cc000 	C:\WINDOWS\SYSTEM32\GLU32.dll
0x00000000607a0000 - 0x0000000062c98000 	C:\WINDOWS\System32\DriverStore\FileRepository\nv_dispi.inf_amd64_38c9bee769f9ef1f\nvoglv64.dll
0x00007fff2b430000 - 0x00007fff2b579000 	C:\WINDOWS\System32\ole32.dll
0x00007fff244c0000 - 0x00007fff244d3000 	C:\WINDOWS\SYSTEM32\WTSAPI32.dll
0x00007ffedcb80000 - 0x00007ffedcde6000 	C:\WINDOWS\system32\nvspcap64.dll
0x00007fff270f0000 - 0x00007fff27145000 	C:\WINDOWS\SYSTEM32\WINSTA.dll
0x00007fff06cb0000 - 0x00007fff06d48000 	C:\WINDOWS\System32\TextInputFramework.dll
0x00007ffefdba0000 - 0x00007ffefdbff000 	C:\Users\Thomas\AppData\Local\Temp\lwjglThomas\3.1.6-build-14\lwjgl_opengl.dll
0x0000000060260000 - 0x00000000603f8000 	C:\Program Files\Java\jre1.8.0_161\bin\awt.dll
0x00007fff26160000 - 0x00007fff261e8000 	C:\WINDOWS\SYSTEM32\apphelp.dll
0x00007fff279a0000 - 0x00007fff279b7000 	C:\WINDOWS\SYSTEM32\CRYPTSP.dll
0x00007fff273e0000 - 0x00007fff27413000 	C:\WINDOWS\system32\rsaenh.dll
0x00007fff27ab0000 - 0x00007fff27ad5000 	C:\WINDOWS\SYSTEM32\bcrypt.dll
0x00007fff27e50000 - 0x00007fff27e79000 	C:\WINDOWS\SYSTEM32\USERENV.dll
0x00007fff279c0000 - 0x00007fff279cb000 	C:\WINDOWS\SYSTEM32\CRYPTBASE.dll
0x00007fff27570000 - 0x00007fff275a9000 	C:\WINDOWS\SYSTEM32\IPHLPAPI.DLL
0x00007fff29880000 - 0x00007fff29888000 	C:\WINDOWS\System32\NSI.dll
0x00007fff21830000 - 0x00007fff21846000 	C:\WINDOWS\SYSTEM32\dhcpcsvc6.DLL
0x00007fff217f0000 - 0x00007fff2180a000 	C:\WINDOWS\SYSTEM32\dhcpcsvc.DLL
0x0000000060220000 - 0x0000000060251000 	C:\Program Files\Java\jre1.8.0_161\bin\jpeg.dll
0x00000000601e0000 - 0x000000006021e000 	C:\Program Files\Java\jre1.8.0_161\bin\lcms.dll
0x00007fff23060000 - 0x00007fff23228000 	C:\WINDOWS\SYSTEM32\dbghelp.dll

VM Arguments:
jvm_args: -Djava.library.path=C:\Users\Thomas\Downloads\lwjgl3 -Dfile.encoding=Cp1252 
java_command: com.cekeh.client.Client
java_class_path (initial): C:\Program Files\Java\jre1.8.0_161\lib\resources.jar;C:\Program Files\Java\jre1.8.0_161\lib\rt.jar;C:\Program Files\Java\jre1.8.0_161\lib\jsse.jar;C:\Program Files\Java\jre1.8.0_161\lib\jce.jar;C:\Program Files\Java\jre1.8.0_161\lib\charsets.jar;C:\Program Files\Java\jre1.8.0_161\lib\jfr.jar;C:\Program Files\Java\jre1.8.0_161\lib\ext\access-bridge-64.jar;C:\Program Files\Java\jre1.8.0_161\lib\ext\cldrdata.jar;C:\Program Files\Java\jre1.8.0_161\lib\ext\dnsns.jar;C:\Program Files\Java\jre1.8.0_161\lib\ext\jaccess.jar;C:\Program Files\Java\jre1.8.0_161\lib\ext\jfxrt.jar;C:\Program Files\Java\jre1.8.0_161\lib\ext\localedata.jar;C:\Program Files\Java\jre1.8.0_161\lib\ext\nashorn.jar;C:\Program Files\Java\jre1.8.0_161\lib\ext\sunec.jar;C:\Program Files\Java\jre1.8.0_161\lib\ext\sunjce_provider.jar;C:\Program Files\Java\jre1.8.0_161\lib\ext\sunmscapi.jar;C:\Program Files\Java\jre1.8.0_161\lib\ext\sunpkcs11.jar;C:\Program Files\Java\jre1.8.0_161\lib\ext\zipfs.jar;C:\Users\Thomas\eclipse-workspace-2\CSMClient1.5\bin;C:\Users\Thomas\Downloads\lwjgl3\lwjgl.jar;C:\Users\Thomas\Downloads\lwjgl3\lwjgl-assimp.jar;C:\Users\Thomas\Downloads\lwjgl3\lwjgl-assimp-natives-windows.jar;C:\Users\Thomas\Downloads\lwjgl3\lwjgl-bgfx.jar;C:\Users\Thomas\Downloads\lwjgl3\lwjgl-bgfx-natives-windows.jar;C:\Users\Thomas\Downloads\lwjgl3\lwjgl-egl.jar;C:\Users\Thomas\Downloads\lwjgl3\lwjgl-glfw.jar;C:\Users\Thomas\Downloads\lwjgl3\lwjgl-glfw-natives-windows.jar;C:\Users\Thomas\Downloads\lwjgl3\lwjgl-javadoc.jar;C:\Users\Thomas\Downloads\lwjgl3\lwjgl-jawt.jar;C:\Users\Thomas\Downloads\lwjgl3\lwjgl-jemalloc.jar;C:\Users\Thomas\Downloads\lwjgl3\lwjgl-jemalloc-natives-windows.jar;C:\Users\Thomas\Downloads\lwjgl3\lwjgl-lmdb.jar;C:\Users\Thomas\Downloads\lwjgl3\lwjgl-lmdb-natives-windows.jar;C:\Users\Thomas\Downloads\lwjgl3\lwjgl-lz4.jar;C:\Users\Thomas\Downloads\lwjgl3\lwjgl-lz4-natives-windows.jar;C:\Users\Thomas\Downloads\lwjgl3\lwjgl-nanovg.jar;C:\Users\Thomas\Downloads\l
Launcher Type: SUN_STANDARD

Environment Variables:
PATH=C:/Program Files/Java/jre1.8.0_161/bin/server;C:/Program Files/Java/jre1.8.0_161/bin;C:/Program Files/Java/jre1.8.0_161/lib/amd64;C:\ProgramData\Oracle\Java\javapath;C:\WINDOWS\system32;C:\WINDOWS;C:\WINDOWS\System32\Wbem;C:\WINDOWS\System32\WindowsPowerShell\v1.0\;C:\Program Files (x86)\NVIDIA Corporation\PhysX\Common;C:\Program Files (x86)\GtkSharp\2.12\bin;C:\WINDOWS\system32;C:\WINDOWS;C:\WINDOWS\System32\Wbem;C:\WINDOWS\System32\WindowsPowerShell\v1.0\;C:\Program Files\dotnet\;C:\Program Files\Microsoft SQL Server\130\Tools\Binn\;C:\Program Files (x86)\Microsoft SQL Server\140\Tools\Binn\;C:\Program Files\Microsoft SQL Server\Client SDK\ODBC\130\Tools\Binn\;C:\Program Files\Microsoft SQL Server\140\Tools\Binn\;C:\Program Files\Microsoft SQL Server\140\DTS\Binn\;C:\ProgramData\Oracle\Java\javapath;C:\WINDOWS\system32;C:\WINDOWS;C:\WINDOWS\System32\Wbem;C:\WINDOWS\System32\WindowsPowerShell\v1.0\;C:\Users\Thomas\adb;%USERPROFILE%\AppData\Local\Microsoft\WindowsApps;;C:\Users\Thomas\eclipse\java-oxygen;
USERNAME=Thomas
OS=Windows_NT
PROCESSOR_IDENTIFIER=AMD64 Family 21 Model 1 Stepping 2, AuthenticAMD



---------------  S Y S T E M  ---------------

OS: Windows 10.0 , 64 bit Build 16299 (10.0.16299.431)

CPU:total 8 (initial active 8) (8 cores per cpu, 1 threads per core) family 21 model 1 stepping 2, cmov, cx8, fxsr, mmx, sse, sse2, sse3, ssse3, sse4.1, sse4.2, popcnt, avx, aes, clmul, mmxext, 3dnowpref, lzcnt, sse4a, tsc, tscinvbit, tscinv

Memory: 4k page, physical 16722364k(10609712k free), swap 19212732k(8946248k free)

vm_info: Java HotSpot(TM) 64-Bit Server VM (25.161-b12) for windows-amd64 JRE (1.8.0_161-b12), built on Dec 19 2017 17:52:25 by "java_re" with MS VC++ 10.0 (VS2010)

time: Wed May 23 22:33:58 2018
elapsed time: 1 seconds (0d 0h 0m 1s)

