#
# A fatal error has been detected by the Java Runtime Environment:
#
#  EXCEPTION_ACCESS_VIOLATION (0xc0000005) at pc=0x00000000700451b7, pid=12068, tid=0x0000000000002a90
#
# JRE version: Java(TM) SE Runtime Environment (8.0_161-b12) (build 1.8.0_161-b12)
# Java VM: Java HotSpot(TM) 64-Bit Server VM (25.161-b12 mixed mode windows-amd64 compressed oops)
# Problematic frame:
# C  [nvoglv64.dll+0xb151b7]
#
# Failed to write core dump. Minidumps are not enabled by default on client versions of Windows
#
# If you would like to submit a bug report, please visit:
#   http://bugreport.java.com/bugreport/crash.jsp
# The crash happened outside the Java Virtual Machine in native code.
# See problematic frame for where to report the bug.
#

---------------  T H R E A D  ---------------

Current thread (0x0000000021e39800):  JavaThread "Thread-0" [_thread_in_native, id=10896, stack(0x000000002c6c0000,0x000000002c7c0000)]

siginfo: ExceptionCode=0xc0000005, reading address 0x0000000000000000

Registers:
RAX=0x0000000000000005, RBX=0x0000000000000000, RCX=0x000000000000000a, RDX=0x0000139100000000
RSP=0x000000002c7beb80, RBP=0x000000002c7c7080, RSI=0x0000000000000006, RDI=0x0000000000000006
R8 =0x0000000000000022, R9 =0x0000000000000000, R10=0x0000000000000008, R11=0x000000007436bcb0
R12=0x0000000000000000, R13=0x0000000000000005, R14=0x0000000000000000, R15=0x0000000000001405
RIP=0x00000000700451b7, EFLAGS=0x0000000000010246

Top of Stack: (sp=0x000000002c7beb80)
0x000000002c7beb80:   0000000000000004 0000000000000000
0x000000002c7beb90:   0000000000000000 0000000021e39800
0x000000002c7beba0:   0000000000000000 000000002c7bed78
0x000000002c7bebb0:   0000000000000000 0000000000000000
0x000000002c7bebc0:   000000002c7bec00 0000000000000000
0x000000002c7bebd0:   000000002c7c8120 00007ffcd4cdf0e0
0x000000002c7bebe0:   0000000000001405 0000000021e39800
0x000000002c7bebf0:   0000000000000000 0000000000000004
0x000000002c7bec00:   000000002c7c7080 000000002c7bed38
0x000000002c7bec10:   0000000000000000 000000006fd042c6
0x000000002c7bec20:   0000000021e058d0 0000000000000004
0x000000002c7bec30:   0000000000000006 0000000020d124a0
0x000000002c7bec40:   0000000000000006 0000000000000018
0x000000002c7bec50:   0000000000000000 0000000000000000
0x000000002c7bec60:   000000001e931a00 0000000021e39800
0x000000002c7bec70:   0000000005337da0 0000000005348497 

Instructions: (pc=0x00000000700451b7)
0x0000000070045197:   89 6c 24 60 e8 d0 70 e9 ff 41 81 ff 05 14 00 00
0x00000000700451a7:   75 20 48 8b 9c 24 d0 00 00 00 8d 47 ff 4c 63 e8
0x00000000700451b7:   8b 0b 42 8b 04 ab 3b c8 8b f0 0f 47 f1 0f 42 c1
0x00000000700451c7:   eb 6e 41 81 ff 03 14 00 00 75 2c 48 8b 9c 24 d0 


Register to memory mapping:

RAX=0x0000000000000005 is an unknown value
RBX=0x0000000000000000 is an unknown value
RCX=0x000000000000000a is an unknown value
RDX=0x0000139100000000 is an unknown value
RSP=0x000000002c7beb80 is pointing into the stack for thread: 0x0000000021e39800
RBP=0x000000002c7c7080 is an unknown value
RSI=0x0000000000000006 is an unknown value
RDI=0x0000000000000006 is an unknown value
R8 =0x0000000000000022 is an unknown value
R9 =0x0000000000000000 is an unknown value
R10=0x0000000000000008 is an unknown value
R11=0x000000007436bcb0 is an unknown value
R12=0x0000000000000000 is an unknown value
R13=0x0000000000000005 is an unknown value
R14=0x0000000000000000 is an unknown value
R15=0x0000000000001405 is an unknown value


Stack: [0x000000002c6c0000,0x000000002c7c0000],  sp=0x000000002c7beb80,  free space=1018k
Native frames: (J=compiled Java code, j=interpreted, Vv=VM code, C=native code)
C  [nvoglv64.dll+0xb151b7]
C  [nvoglv64.dll+0x7d42c6]
C  0x0000000005348627

Java frames: (J=compiled Java code, j=interpreted, Vv=VM code)
j  org.lwjgl.opengl.GL11.nglDrawElements(IIIJ)V+0
j  org.lwjgl.opengl.GL11.glDrawElements(IIIJ)V+4
j  com.cekeh.game.graphics.vertex_object.VAO.render()V+76
j  com.cekeh.testing.TestGame.render()V+4
j  com.cekeh.game.Game.run()V+76
j  java.lang.Thread.run()V+11
v  ~StubRoutines::call_stub

---------------  P R O C E S S  ---------------

Java Threads: ( => current thread )
  0x0000000021f8f800 JavaThread "Java2D Disposer" daemon [_thread_blocked, id=11892, stack(0x000000002e850000,0x000000002e950000)]
=>0x0000000021e39800 JavaThread "Thread-0" [_thread_in_native, id=10896, stack(0x000000002c6c0000,0x000000002c7c0000)]
  0x0000000020d97800 JavaThread "Service Thread" daemon [_thread_blocked, id=5280, stack(0x00000000218c0000,0x00000000219c0000)]
  0x0000000020d02000 JavaThread "C1 CompilerThread3" daemon [_thread_blocked, id=5696, stack(0x00000000217c0000,0x00000000218c0000)]
  0x0000000020d03000 JavaThread "C2 CompilerThread2" daemon [_thread_blocked, id=5560, stack(0x00000000216c0000,0x00000000217c0000)]
  0x0000000020d01800 JavaThread "C2 CompilerThread1" daemon [_thread_blocked, id=12820, stack(0x00000000215c0000,0x00000000216c0000)]
  0x0000000020cfb800 JavaThread "C2 CompilerThread0" daemon [_thread_blocked, id=1956, stack(0x00000000214c0000,0x00000000215c0000)]
  0x000000001edee000 JavaThread "Attach Listener" daemon [_thread_blocked, id=8860, stack(0x00000000213c0000,0x00000000214c0000)]
  0x000000001eded000 JavaThread "Signal Dispatcher" daemon [_thread_blocked, id=3968, stack(0x00000000212c0000,0x00000000213c0000)]
  0x0000000020cf0800 JavaThread "Finalizer" daemon [_thread_blocked, id=9148, stack(0x00000000210d0000,0x00000000211d0000)]
  0x0000000005297000 JavaThread "Reference Handler" daemon [_thread_blocked, id=2996, stack(0x0000000020bd0000,0x0000000020cd0000)]
  0x00000000051a3800 JavaThread "main" [_thread_blocked, id=8876, stack(0x0000000005080000,0x0000000005180000)]

Other Threads:
  0x000000001edd9000 VMThread [stack: 0x0000000020ad0000,0x0000000020bd0000] [id=2592]
  0x0000000020dba000 WatcherThread [stack: 0x00000000219c0000,0x0000000021ac0000] [id=1480]

VM state:not at safepoint (normal execution)

VM Mutex/Monitor currently owned by a thread: None

Heap:
 PSYoungGen      total 76288K, used 21060K [0x000000076af00000, 0x0000000770400000, 0x00000007c0000000)
  eden space 65536K, 32% used [0x000000076af00000,0x000000076c3910b0,0x000000076ef00000)
  from space 10752K, 0% used [0x000000076f980000,0x000000076f980000,0x0000000770400000)
  to   space 10752K, 0% used [0x000000076ef00000,0x000000076ef00000,0x000000076f980000)
 ParOldGen       total 175104K, used 0K [0x00000006c0c00000, 0x00000006cb700000, 0x000000076af00000)
  object space 175104K, 0% used [0x00000006c0c00000,0x00000006c0c00000,0x00000006cb700000)
 Metaspace       used 10080K, capacity 10277K, committed 10496K, reserved 1058816K
  class space    used 890K, capacity 971K, committed 1024K, reserved 1048576K

Card table byte_map: [0x00000000146f0000,0x0000000014ef0000] byte_map_base: 0x00000000110ea000

Marking Bits: (ParMarkBitMap*) 0x000000007495f860
 Begin Bits: [0x0000000015c50000, 0x0000000019c20000)
 End Bits:   [0x0000000019c20000, 0x000000001dbf0000)

Polling page: 0x0000000000fe0000

CodeCache: size=245760Kb used=3094Kb max_used=3094Kb free=242665Kb
 bounds [0x0000000005330000, 0x0000000005640000, 0x0000000014330000]
 total_blobs=1577 nmethods=697 adapters=794
 compilation: enabled

Compilation events (10 events):
Event: 1.439 Thread 0x0000000020cfb800 nmethod 688 0x0000000005625610 code [0x0000000005625760, 0x0000000005625a38]
Event: 1.441 Thread 0x0000000020d01800 nmethod 671 0x000000000562de90 code [0x000000000562e0e0, 0x000000000562f9c0]
Event: 1.443 Thread 0x0000000020d03000 nmethod 689 0x0000000005624e10 code [0x0000000005624f60, 0x0000000005625278]
Event: 1.446 Thread 0x0000000020d02000 nmethod 693% 0x0000000005630ed0 code [0x0000000005631480, 0x0000000005636918]
Event: 1.446 Thread 0x0000000020d02000  694  s    1       javax.imageio.ImageReader::abortRequested (5 bytes)
Event: 1.446 Thread 0x0000000020d02000 nmethod 694 0x0000000005622610 code [0x0000000005622760, 0x00000000056229d0]
Event: 1.448 Thread 0x0000000020d02000  696       3       java.nio.CharBuffer::hasArray (20 bytes)
Event: 1.448 Thread 0x0000000020d02000 nmethod 696 0x0000000005621e90 code [0x0000000005621fe0, 0x00000000056221d0]
Event: 1.448 Thread 0x0000000020d02000  697       3       java.nio.ByteBuffer::hasArray (20 bytes)
Event: 1.448 Thread 0x0000000020d02000 nmethod 697 0x0000000005621ad0 code [0x0000000005621c20, 0x0000000005621e10]

GC Heap History (0 events):
No events

Deoptimization events (4 events):
Event: 0.124 Thread 0x00000000051a3800 Uncommon trap: reason=unstable_if action=reinterpret pc=0x000000000544ca84 method=java.lang.String.hashCode()I @ 14
Event: 1.386 Thread 0x0000000021e39800 Uncommon trap: reason=unstable_if action=reinterpret pc=0x0000000005525ebc method=java.io.BufferedReader.readLine(Z)Ljava/lang/String; @ 66
Event: 1.407 Thread 0x0000000021e39800 Uncommon trap: reason=unstable_if action=reinterpret pc=0x00000000055b4a84 method=java.util.HashMap.getNode(ILjava/lang/Object;)Ljava/util/HashMap$Node; @ 116
Event: 1.407 Thread 0x0000000021e39800 Uncommon trap: reason=unstable_if action=reinterpret pc=0x00000000055b5908 method=java.util.HashMap.getNode(ILjava/lang/Object;)Ljava/util/HashMap$Node; @ 116

Classes redefined (0 events):
No events

Internal exceptions (10 events):
Event: 0.173 Thread 0x00000000051a3800 Exception <a 'java/lang/NoSuchMethodError': java.lang.Object.lambda$static$0(Ljava/lang/String;)Ljava/lang/Boolean;> (0x000000076b220490) thrown at [C:\re\workspace\8-2-build-windows-amd64-cygwin\jdk8u161\10277\hotspot\src\share\vm\interpreter\linkResolve
Event: 0.187 Thread 0x00000000051a3800 Exception <a 'java/lang/NoSuchFieldError': method resolution failed> (0x000000076b298190) thrown at [C:\re\workspace\8-2-build-windows-amd64-cygwin\jdk8u161\10277\hotspot\src\share\vm\prims\methodHandles.cpp, line 1167]
Event: 0.189 Thread 0x00000000051a3800 Exception <a 'java/lang/NoSuchFieldError': method resolution failed> (0x000000076b2a5590) thrown at [C:\re\workspace\8-2-build-windows-amd64-cygwin\jdk8u161\10277\hotspot\src\share\vm\prims\methodHandles.cpp, line 1167]
Event: 0.237 Thread 0x00000000051a3800 Exception <a 'java/security/PrivilegedActionException'> (0x000000076b3edcd8) thrown at [C:\re\workspace\8-2-build-windows-amd64-cygwin\jdk8u161\10277\hotspot\src\share\vm\prims\jvm.cpp, line 1390]
Event: 0.237 Thread 0x00000000051a3800 Exception <a 'java/security/PrivilegedActionException'> (0x000000076b3edee8) thrown at [C:\re\workspace\8-2-build-windows-amd64-cygwin\jdk8u161\10277\hotspot\src\share\vm\prims\jvm.cpp, line 1390]
Event: 0.237 Thread 0x00000000051a3800 Exception <a 'java/security/PrivilegedActionException'> (0x000000076b3f1b58) thrown at [C:\re\workspace\8-2-build-windows-amd64-cygwin\jdk8u161\10277\hotspot\src\share\vm\prims\jvm.cpp, line 1390]
Event: 0.237 Thread 0x00000000051a3800 Exception <a 'java/security/PrivilegedActionException'> (0x000000076b3f1d68) thrown at [C:\re\workspace\8-2-build-windows-amd64-cygwin\jdk8u161\10277\hotspot\src\share\vm\prims\jvm.cpp, line 1390]
Event: 1.018 Thread 0x0000000021e39800 Exception <a 'sun/nio/fs/WindowsException'> (0x000000076b85a628) thrown at [C:\re\workspace\8-2-build-windows-amd64-cygwin\jdk8u161\10277\hotspot\src\share\vm\prims\jni.cpp, line 709]
Event: 1.018 Thread 0x0000000021e39800 Exception <a 'sun/nio/fs/WindowsException'> (0x000000076b85ae20) thrown at [C:\re\workspace\8-2-build-windows-amd64-cygwin\jdk8u161\10277\hotspot\src\share\vm\prims\jni.cpp, line 709]
Event: 1.399 Thread 0x0000000021e39800 Exception <a 'java/io/FileNotFoundException'> (0x000000076c28a380) thrown at [C:\re\workspace\8-2-build-windows-amd64-cygwin\jdk8u161\10277\hotspot\src\share\vm\prims\jni.cpp, line 709]

Events (10 events):
Event: 1.421 loading class com/sun/imageio/plugins/common/ReaderUtil
Event: 1.421 loading class com/sun/imageio/plugins/common/ReaderUtil done
Event: 1.421 loading class sun/awt/image/ByteInterleavedRaster
Event: 1.421 loading class sun/awt/image/ByteInterleavedRaster done
Event: 1.442 loading class java/io/RandomAccessFile$1
Event: 1.442 loading class java/io/RandomAccessFile$1 done
Event: 1.443 loading class org/lwjgl/opengl/GL$ICDStatic$WriteOnce
Event: 1.443 loading class org/lwjgl/opengl/GL$ICDStatic$WriteOnce done
Event: 1.443 loading class com/cekeh/utility/data_type/Vector4f
Event: 1.443 loading class com/cekeh/utility/data_type/Vector4f done


Dynamic libraries:
0x00007ff74a490000 - 0x00007ff74a4c7000 	C:\Program Files\Java\jre1.8.0_161\bin\javaw.exe
0x00007ffd062f0000 - 0x00007ffd064d0000 	C:\WINDOWS\SYSTEM32\ntdll.dll
0x00007ffd05e10000 - 0x00007ffd05ebe000 	C:\WINDOWS\System32\KERNEL32.DLL
0x00007ffd02e00000 - 0x00007ffd03066000 	C:\WINDOWS\System32\KERNELBASE.dll
0x00007ffd03b80000 - 0x00007ffd03c21000 	C:\WINDOWS\System32\ADVAPI32.dll
0x00007ffd03c40000 - 0x00007ffd03cdd000 	C:\WINDOWS\System32\msvcrt.dll
0x00007ffd061d0000 - 0x00007ffd0622b000 	C:\WINDOWS\System32\sechost.dll
0x00007ffd05880000 - 0x00007ffd0599f000 	C:\WINDOWS\System32\RPCRT4.dll
0x00007ffd03d60000 - 0x00007ffd03eef000 	C:\WINDOWS\System32\USER32.dll
0x00007ffd02910000 - 0x00007ffd02930000 	C:\WINDOWS\System32\win32u.dll
0x00007ffd05fd0000 - 0x00007ffd05ff8000 	C:\WINDOWS\System32\GDI32.dll
0x00007ffd02c00000 - 0x00007ffd02d93000 	C:\WINDOWS\System32\gdi32full.dll
0x00007ffd02b60000 - 0x00007ffd02bfb000 	C:\WINDOWS\System32\msvcp_win.dll
0x00007ffd02a60000 - 0x00007ffd02b56000 	C:\WINDOWS\System32\ucrtbase.dll
0x00007ffcf3a10000 - 0x00007ffcf3c79000 	C:\WINDOWS\WinSxS\amd64_microsoft.windows.common-controls_6595b64144ccf1df_6.0.16299.371_none_15c7d1789365a290\COMCTL32.dll
0x00007ffd05ad0000 - 0x00007ffd05dd8000 	C:\WINDOWS\System32\combase.dll
0x00007ffd02930000 - 0x00007ffd029a2000 	C:\WINDOWS\System32\bcryptPrimitives.dll
0x00007ffd06290000 - 0x00007ffd062bd000 	C:\WINDOWS\System32\IMM32.DLL
0x0000000073b10000 - 0x0000000073be2000 	C:\Program Files\Java\jre1.8.0_161\bin\msvcr100.dll
0x0000000074140000 - 0x00000000749df000 	C:\Program Files\Java\jre1.8.0_161\bin\server\jvm.dll
0x00007ffd03c30000 - 0x00007ffd03c38000 	C:\WINDOWS\System32\PSAPI.DLL
0x00007ffcf64a0000 - 0x00007ffcf64c3000 	C:\WINDOWS\SYSTEM32\WINMM.dll
0x00007ffcfdd10000 - 0x00007ffcfdd1a000 	C:\WINDOWS\SYSTEM32\VERSION.dll
0x00007ffcf61e0000 - 0x00007ffcf61e9000 	C:\WINDOWS\SYSTEM32\WSOCK32.dll
0x00007ffd06010000 - 0x00007ffd0607c000 	C:\WINDOWS\System32\WS2_32.dll
0x00007ffcf6380000 - 0x00007ffcf63aa000 	C:\WINDOWS\SYSTEM32\WINMMBASE.dll
0x00007ffd028c0000 - 0x00007ffd0290a000 	C:\WINDOWS\System32\cfgmgr32.dll
0x0000000074130000 - 0x000000007413f000 	C:\Program Files\Java\jre1.8.0_161\bin\verify.dll
0x0000000074100000 - 0x0000000074129000 	C:\Program Files\Java\jre1.8.0_161\bin\java.dll
0x00000000740e0000 - 0x00000000740f6000 	C:\Program Files\Java\jre1.8.0_161\bin\zip.dll
0x00007ffd04340000 - 0x00007ffd05776000 	C:\WINDOWS\System32\SHELL32.dll
0x00007ffd03ad0000 - 0x00007ffd03b76000 	C:\WINDOWS\System32\shcore.dll
0x00007ffd03070000 - 0x00007ffd037b7000 	C:\WINDOWS\System32\windows.storage.dll
0x00007ffd05a70000 - 0x00007ffd05ac1000 	C:\WINDOWS\System32\shlwapi.dll
0x00007ffd02640000 - 0x00007ffd02651000 	C:\WINDOWS\System32\kernel.appcore.dll
0x00007ffd02680000 - 0x00007ffd026cc000 	C:\WINDOWS\System32\powrprof.dll
0x00007ffd026d0000 - 0x00007ffd026eb000 	C:\WINDOWS\System32\profapi.dll
0x00000000740c0000 - 0x00000000740da000 	C:\Program Files\Java\jre1.8.0_161\bin\net.dll
0x00007ffd01ed0000 - 0x00007ffd01f36000 	C:\WINDOWS\system32\mswsock.dll
0x00000000740a0000 - 0x00000000740b1000 	C:\Program Files\Java\jre1.8.0_161\bin\nio.dll
0x00007ffcd69c0000 - 0x00007ffcd6a1b000 	C:\Users\Thomas\AppData\Local\Temp\lwjglThomas\3.1.6-build-14\lwjgl.dll
0x00007ffcd6960000 - 0x00007ffcd69b1000 	C:\Users\Thomas\AppData\Local\Temp\lwjglThomas\3.1.6-build-14\glfw.dll
0x00007ffd00aa0000 - 0x00007ffd00b35000 	C:\WINDOWS\system32\uxtheme.dll
0x00007ffcd6830000 - 0x00007ffcd6873000 	C:\WINDOWS\SYSTEM32\dinput8.dll
0x00007ffcffb40000 - 0x00007ffcffb50000 	C:\WINDOWS\SYSTEM32\xinput1_4.dll
0x00007ffd02450000 - 0x00007ffd02477000 	C:\WINDOWS\SYSTEM32\DEVOBJ.dll
0x00007ffd00d90000 - 0x00007ffd00dba000 	C:\WINDOWS\SYSTEM32\dwmapi.dll
0x00007ffcf1b30000 - 0x00007ffcf1b5e000 	C:\WINDOWS\SYSTEM32\inputhost.dll
0x00007ffd00210000 - 0x00007ffd002ec000 	C:\WINDOWS\SYSTEM32\CoreMessaging.dll
0x00007ffcf52d0000 - 0x00007ffcf55be000 	C:\WINDOWS\SYSTEM32\CoreUIComponents.dll
0x00007ffd018c0000 - 0x00007ffd018f1000 	C:\WINDOWS\SYSTEM32\ntmarta.dll
0x00007ffcfd100000 - 0x00007ffcfd236000 	C:\WINDOWS\SYSTEM32\wintypes.dll
0x00007ffd03960000 - 0x00007ffd03ac7000 	C:\WINDOWS\System32\MSCTF.dll
0x00007ffd059a0000 - 0x00007ffd05a65000 	C:\WINDOWS\System32\OLEAUT32.dll
0x00007ffd01990000 - 0x00007ffd0199c000 	C:\WINDOWS\SYSTEM32\HID.DLL
0x00007ffd03ef0000 - 0x00007ffd0433e000 	C:\WINDOWS\System32\SETUPAPI.DLL
0x00007ffd02da0000 - 0x00007ffd02df8000 	C:\WINDOWS\System32\WINTRUST.dll
0x00007ffd02660000 - 0x00007ffd02672000 	C:\WINDOWS\System32\MSASN1.dll
0x00007ffd026f0000 - 0x00007ffd028be000 	C:\WINDOWS\System32\CRYPT32.dll
0x00007ffcdabe0000 - 0x00007ffcdacfe000 	C:\WINDOWS\SYSTEM32\opengl32.dll
0x00007ffcf6e30000 - 0x00007ffcf6e5c000 	C:\WINDOWS\SYSTEM32\GLU32.dll
0x000000006f530000 - 0x000000007176d000 	C:\WINDOWS\System32\DriverStore\FileRepository\nv_dispi.inf_amd64_c1a085cc86772d3f\nvoglv64.dll
0x00007ffd06080000 - 0x00007ffd061c9000 	C:\WINDOWS\System32\ole32.dll
0x00007ffcfea70000 - 0x00007ffcfea83000 	C:\WINDOWS\SYSTEM32\WTSAPI32.dll
0x00007ffcd44b0000 - 0x00007ffcd4716000 	C:\WINDOWS\system32\nvspcap64.dll
0x00007ffd017c0000 - 0x00007ffd01815000 	C:\WINDOWS\SYSTEM32\WINSTA.dll
0x00007ffcf3360000 - 0x00007ffcf33f8000 	C:\WINDOWS\System32\TextInputFramework.dll
0x00007ffcd4cd0000 - 0x00007ffcd4d2f000 	C:\Users\Thomas\AppData\Local\Temp\lwjglThomas\3.1.6-build-14\lwjgl_opengl.dll
0x0000000073970000 - 0x0000000073b08000 	C:\Program Files\Java\jre1.8.0_161\bin\awt.dll
0x00007ffd00820000 - 0x00007ffd008a8000 	C:\WINDOWS\SYSTEM32\apphelp.dll
0x00007ffcfd6a0000 - 0x00007ffcfd868000 	C:\WINDOWS\SYSTEM32\dbghelp.dll

VM Arguments:
jvm_args: -Djava.library.path=C:\Users\Thomas\Downloads\lwjgl3 -Dfile.encoding=Cp1252 
java_command: com.cekeh.main.Client
java_class_path (initial): C:\Program Files\Java\jre1.8.0_161\lib\resources.jar;C:\Program Files\Java\jre1.8.0_161\lib\rt.jar;C:\Program Files\Java\jre1.8.0_161\lib\jsse.jar;C:\Program Files\Java\jre1.8.0_161\lib\jce.jar;C:\Program Files\Java\jre1.8.0_161\lib\charsets.jar;C:\Program Files\Java\jre1.8.0_161\lib\jfr.jar;C:\Program Files\Java\jre1.8.0_161\lib\ext\access-bridge-64.jar;C:\Program Files\Java\jre1.8.0_161\lib\ext\cldrdata.jar;C:\Program Files\Java\jre1.8.0_161\lib\ext\dnsns.jar;C:\Program Files\Java\jre1.8.0_161\lib\ext\jaccess.jar;C:\Program Files\Java\jre1.8.0_161\lib\ext\jfxrt.jar;C:\Program Files\Java\jre1.8.0_161\lib\ext\localedata.jar;C:\Program Files\Java\jre1.8.0_161\lib\ext\nashorn.jar;C:\Program Files\Java\jre1.8.0_161\lib\ext\sunec.jar;C:\Program Files\Java\jre1.8.0_161\lib\ext\sunjce_provider.jar;C:\Program Files\Java\jre1.8.0_161\lib\ext\sunmscapi.jar;C:\Program Files\Java\jre1.8.0_161\lib\ext\sunpkcs11.jar;C:\Program Files\Java\jre1.8.0_161\lib\ext\zipfs.jar;C:\Users\Thomas\eclipse-workspace-2\CSMClient1.3\bin;C:\Users\Thomas\Downloads\lwjgl3\lwjgl.jar;C:\Users\Thomas\Downloads\lwjgl3\lwjgl-assimp.jar;C:\Users\Thomas\Downloads\lwjgl3\lwjgl-assimp-natives-windows.jar;C:\Users\Thomas\Downloads\lwjgl3\lwjgl-bgfx.jar;C:\Users\Thomas\Downloads\lwjgl3\lwjgl-bgfx-natives-windows.jar;C:\Users\Thomas\Downloads\lwjgl3\lwjgl-egl.jar;C:\Users\Thomas\Downloads\lwjgl3\lwjgl-glfw.jar;C:\Users\Thomas\Downloads\lwjgl3\lwjgl-glfw-natives-windows.jar;C:\Users\Thomas\Downloads\lwjgl3\lwjgl-javadoc.jar;C:\Users\Thomas\Downloads\lwjgl3\lwjgl-jawt.jar;C:\Users\Thomas\Downloads\lwjgl3\lwjgl-jemalloc.jar;C:\Users\Thomas\Downloads\lwjgl3\lwjgl-jemalloc-natives-windows.jar;C:\Users\Thomas\Downloads\lwjgl3\lwjgl-lmdb.jar;C:\Users\Thomas\Downloads\lwjgl3\lwjgl-lmdb-natives-windows.jar;C:\Users\Thomas\Downloads\lwjgl3\lwjgl-lz4.jar;C:\Users\Thomas\Downloads\lwjgl3\lwjgl-lz4-natives-windows.jar;C:\Users\Thomas\Downloads\lwjgl3\lwjgl-nanovg.jar;C:\Users\Thomas\Downloads\l
Launcher Type: SUN_STANDARD

Environment Variables:
PATH=C:/Program Files/Java/jre1.8.0_161/bin/server;C:/Program Files/Java/jre1.8.0_161/bin;C:/Program Files/Java/jre1.8.0_161/lib/amd64;C:\ProgramData\Oracle\Java\javapath;C:\WINDOWS\system32;C:\WINDOWS;C:\WINDOWS\System32\Wbem;C:\WINDOWS\System32\WindowsPowerShell\v1.0\;C:\Program Files (x86)\NVIDIA Corporation\PhysX\Common;C:\Program Files (x86)\GtkSharp\2.12\bin;C:\WINDOWS\system32;C:\WINDOWS;C:\WINDOWS\System32\Wbem;C:\WINDOWS\System32\WindowsPowerShell\v1.0\;C:\Program Files\dotnet\;C:\Program Files\Microsoft SQL Server\130\Tools\Binn\;C:\Program Files (x86)\Microsoft SQL Server\140\Tools\Binn\;C:\Program Files\Microsoft SQL Server\Client SDK\ODBC\130\Tools\Binn\;C:\Program Files\Microsoft SQL Server\140\Tools\Binn\;C:\Program Files\Microsoft SQL Server\140\DTS\Binn\;C:\ProgramData\Oracle\Java\javapath;C:\WINDOWS\system32;C:\WINDOWS;C:\WINDOWS\System32\Wbem;C:\WINDOWS\System32\WindowsPowerShell\v1.0\;C:\Users\Thomas\adb;%USERPROFILE%\AppData\Local\Microsoft\WindowsApps;;C:\Users\Thomas\eclipse\java-oxygen;
USERNAME=Thomas
OS=Windows_NT
PROCESSOR_IDENTIFIER=AMD64 Family 21 Model 1 Stepping 2, AuthenticAMD



---------------  S Y S T E M  ---------------

OS: Windows 10.0 , 64 bit Build 16299 (10.0.16299.15)

CPU:total 8 (initial active 8) (8 cores per cpu, 1 threads per core) family 21 model 1 stepping 2, cmov, cx8, fxsr, mmx, sse, sse2, sse3, ssse3, sse4.1, sse4.2, popcnt, avx, aes, clmul, mmxext, 3dnowpref, lzcnt, sse4a, tsc, tscinvbit, tscinv

Memory: 4k page, physical 16722364k(11261816k free), swap 19212732k(9575404k free)

vm_info: Java HotSpot(TM) 64-Bit Server VM (25.161-b12) for windows-amd64 JRE (1.8.0_161-b12), built on Dec 19 2017 17:52:25 by "java_re" with MS VC++ 10.0 (VS2010)

time: Thu Apr 12 03:14:45 2018
elapsed time: 1 seconds (0d 0h 0m 1s)

