#
# A fatal error has been detected by the Java Runtime Environment:
#
#  EXCEPTION_ACCESS_VIOLATION (0xc0000005) at pc=0x00007ffa0d93f46d, pid=11160, tid=0x0000000000004394
#
# JRE version: Java(TM) SE Runtime Environment (8.0_161-b12) (build 1.8.0_161-b12)
# Java VM: Java HotSpot(TM) 64-Bit Server VM (25.161-b12 mixed mode windows-amd64 compressed oops)
# Problematic frame:
# C  [lwjgl_opengl.dll+0xf46d]
#
# Failed to write core dump. Minidumps are not enabled by default on client versions of Windows
#
# If you would like to submit a bug report, please visit:
#   http://bugreport.java.com/bugreport/crash.jsp
# The crash happened outside the Java Virtual Machine in native code.
# See problematic frame for where to report the bug.
#

---------------  T H R E A D  ---------------

Current thread (0x0000000004c53800):  JavaThread "main" [_thread_in_native, id=17300, stack(0x0000000004b50000,0x0000000004c50000)]

siginfo: ExceptionCode=0xc0000005, reading address 0x0000000000000f58

Registers:
RAX=0x0000000051153d50, RBX=0x000000001e40ef78, RCX=0x0000000000000001, RDX=0x000000002185350c
RSP=0x0000000004c4f448, RBP=0x0000000004c4f4c8, RSI=0x0000000000000980, RDI=0x0000000004d57e70
R8 =0x0000000000000001, R9 =0x000000002185350c, R10=0x0000000000000000, R11=0x0000000050bdbcb0
R12=0x0000000000000000, R13=0x000000001e40ef78, R14=0x0000000004c4f4f8, R15=0x0000000004c53800
RIP=0x00007ffa0d93f46d, EFLAGS=0x0000000000010202

Top of Stack: (sp=0x0000000004c4f448)
0x0000000004c4f448:   0000000004d68627 0000000004d57e70
0x0000000004c4f458:   0000000004d6836b 0000000004c53800
0x0000000004c4f468:   000000001e40ef78 0000000000000980
0x0000000004c4f478:   0000000004c53800 0000000004d68322
0x0000000004c4f488:   0000000004c4f488 000000001e40ef78
0x0000000004c4f498:   0000000004c4f4f8 000000001e432fa0
0x0000000004c4f4a8:   0000000000000000 000000001e40ef78
0x0000000004c4f4b8:   0000000000000000 0000000004c4f4e8
0x0000000004c4f4c8:   0000000004c4f540 0000000004d5835d
0x0000000004c4f4d8:   000000076b7bd380 0000000004d621d8
0x0000000004c4f4e8:   000000002185350c 000000076b7bdc50
0x0000000004c4f4f8:   0000000000000001 0000000004c4f500
0x0000000004c4f508:   000000001e40f0ec 0000000004c4f570
0x0000000004c4f518:   000000001e432fa0 0000000000000000
0x0000000004c4f528:   000000001e40f158 0000000004c4f4e8
0x0000000004c4f538:   0000000004c4f578 0000000004c4f5c0 

Instructions: (pc=0x00007ffa0d93f46d)
0x00007ffa0d93f44d:   00 41 8b c8 48 ff e0 cc cc cc cc cc cc cc cc cc
0x00007ffa0d93f45d:   cc cc cc 48 8b 01 49 8b d1 41 8b c8 4c 8b 50 18
0x00007ffa0d93f46d:   49 ff a2 58 0f 00 00 cc cc cc cc cc cc cc cc cc
0x00007ffa0d93f47d:   cc cc cc 48 8b 01 49 8b d1 41 8b c8 4c 8b 50 18 


Register to memory mapping:

RAX=0x0000000051153d50 is an unknown value
RBX={method} {0x000000001e40ef80} 'nglGenTextures' '(IJ)V' in 'org/lwjgl/opengl/GL11'
RCX=0x0000000000000001 is an unknown value
RDX=0x000000002185350c is an unknown value
RSP=0x0000000004c4f448 is pointing into the stack for thread: 0x0000000004c53800
RBP=0x0000000004c4f4c8 is pointing into the stack for thread: 0x0000000004c53800
RSI=0x0000000000000980 is an unknown value
RDI=0x0000000004d57e70 is at code_begin+1040 in an Interpreter codelet
invoke return entry points  [0x0000000004d57a60, 0x0000000004d58440]  2528 bytes
R8 =0x0000000000000001 is an unknown value
R9 =0x000000002185350c is an unknown value
R10=0x0000000000000000 is an unknown value
R11=0x0000000050bdbcb0 is an unknown value
R12=0x0000000000000000 is an unknown value
R13={method} {0x000000001e40ef80} 'nglGenTextures' '(IJ)V' in 'org/lwjgl/opengl/GL11'
R14=0x0000000004c4f4f8 is pointing into the stack for thread: 0x0000000004c53800
R15=0x0000000004c53800 is a thread


Stack: [0x0000000004b50000,0x0000000004c50000],  sp=0x0000000004c4f448,  free space=1021k
Native frames: (J=compiled Java code, j=interpreted, Vv=VM code, C=native code)
C  [lwjgl_opengl.dll+0xf46d]

Java frames: (J=compiled Java code, j=interpreted, Vv=VM code)
j  org.lwjgl.opengl.GL11.nglGenTextures(IJ)V+0
j  org.lwjgl.opengl.GL11.glGenTextures()I+20
j  graphics.textures.Texture.<init>(Ljava/lang/String;)V+10
j  game.TestGame.<init>(J)V+11
j  main.Client.<init>()V+15
j  main.Client.main([Ljava/lang/String;)V+4
v  ~StubRoutines::call_stub

---------------  P R O C E S S  ---------------

Java Threads: ( => current thread )
  0x00000000218e7000 JavaThread "Java2D Disposer" daemon [_thread_blocked, id=9380, stack(0x000000002d2e0000,0x000000002d3e0000)]
  0x00000000217cb000 JavaThread "Thread-0" [_thread_in_vm, id=6628, stack(0x000000002c090000,0x000000002c190000)]
  0x0000000020775000 JavaThread "Service Thread" daemon [_thread_blocked, id=14260, stack(0x00000000212b0000,0x00000000213b0000)]
  0x00000000206fe000 JavaThread "C1 CompilerThread3" daemon [_thread_blocked, id=16252, stack(0x00000000211b0000,0x00000000212b0000)]
  0x00000000206f8000 JavaThread "C2 CompilerThread2" daemon [_thread_blocked, id=9012, stack(0x00000000210b0000,0x00000000211b0000)]
  0x00000000206ee800 JavaThread "C2 CompilerThread1" daemon [_thread_blocked, id=8428, stack(0x0000000020fb0000,0x00000000210b0000)]
  0x00000000206eb800 JavaThread "C2 CompilerThread0" daemon [_thread_blocked, id=13980, stack(0x0000000020eb0000,0x0000000020fb0000)]
  0x00000000206ea000 JavaThread "Attach Listener" daemon [_thread_blocked, id=1688, stack(0x0000000020db0000,0x0000000020eb0000)]
  0x000000001e80e000 JavaThread "Signal Dispatcher" daemon [_thread_blocked, id=10788, stack(0x0000000020cb0000,0x0000000020db0000)]
  0x00000000206e0800 JavaThread "Finalizer" daemon [_thread_blocked, id=3900, stack(0x0000000020ac0000,0x0000000020bc0000)]
  0x0000000004d49000 JavaThread "Reference Handler" daemon [_thread_blocked, id=3036, stack(0x00000000205c0000,0x00000000206c0000)]
=>0x0000000004c53800 JavaThread "main" [_thread_in_native, id=17300, stack(0x0000000004b50000,0x0000000004c50000)]

Other Threads:
  0x000000001e7f9800 VMThread [stack: 0x00000000204c0000,0x00000000205c0000] [id=13256]
  0x00000000207af800 WatcherThread [stack: 0x00000000213b0000,0x00000000214b0000] [id=11920]

VM state:not at safepoint (normal execution)

VM Mutex/Monitor currently owned by a thread: None

Heap:
 PSYoungGen      total 76288K, used 10516K [0x000000076af00000, 0x0000000770400000, 0x00000007c0000000)
  eden space 65536K, 16% used [0x000000076af00000,0x000000076b945350,0x000000076ef00000)
  from space 10752K, 0% used [0x000000076f980000,0x000000076f980000,0x0000000770400000)
  to   space 10752K, 0% used [0x000000076ef00000,0x000000076ef00000,0x000000076f980000)
 ParOldGen       total 175104K, used 0K [0x00000006c0c00000, 0x00000006cb700000, 0x000000076af00000)
  object space 175104K, 0% used [0x00000006c0c00000,0x00000006c0c00000,0x00000006cb700000)
 Metaspace       used 7196K, capacity 7359K, committed 7552K, reserved 1056768K
  class space    used 754K, capacity 834K, committed 896K, reserved 1048576K

Card table byte_map: [0x0000000014110000,0x0000000014910000] byte_map_base: 0x0000000010b0a000

Marking Bits: (ParMarkBitMap*) 0x00000000511cf860
 Begin Bits: [0x0000000015670000, 0x0000000019640000)
 End Bits:   [0x0000000019640000, 0x000000001d610000)

Polling page: 0x0000000003190000

CodeCache: size=245760Kb used=2469Kb max_used=2469Kb free=243290Kb
 bounds [0x0000000004d50000, 0x0000000004fc0000, 0x0000000013d50000]
 total_blobs=1285 nmethods=521 adapters=678
 compilation: enabled

Compilation events (10 events):
Event: 1.064 Thread 0x00000000206fe000 nmethod 509 0x0000000004faf650 code [0x0000000004faf7a0, 0x0000000004faf8b0]
Event: 1.064 Thread 0x00000000206fe000  508       3       java.nio.ByteOrder::nativeOrder (4 bytes)
Event: 1.064 Thread 0x00000000206fe000 nmethod 508 0x0000000004faf910 code [0x0000000004fafa80, 0x0000000004fafc30]
Event: 1.064 Thread 0x00000000206ee800  510       4       java.nio.DirectByteBuffer::get (16 bytes)
Event: 1.065 Thread 0x00000000206fe000  511       3       java.nio.ByteBuffer::order (48 bytes)
Event: 1.065 Thread 0x00000000206ee800 nmethod 510 0x0000000004fb2950 code [0x0000000004fb2a80, 0x0000000004fb2b18]
Event: 1.065 Thread 0x00000000206fe000 nmethod 511 0x0000000004fb2490 code [0x0000000004fb2600, 0x0000000004fb2890]
Event: 1.068 Thread 0x00000000206fe000  513       3       org.lwjgl.system.MemoryUtil::memASCII (15 bytes)
Event: 1.069 Thread 0x00000000206fe000 nmethod 513 0x0000000004fb4cd0 code [0x0000000004fb4f00, 0x0000000004fb58e8]
Event: 1.069 Thread 0x00000000206fe000  515   !   3       org.lwjgl.system.MemoryAccess$MemoryAccessorUnsafe::setup (60 bytes)

GC Heap History (0 events):
No events

Deoptimization events (1 events):
Event: 0.127 Thread 0x0000000004c53800 Uncommon trap: reason=unstable_if action=reinterpret pc=0x0000000004e6b384 method=java.lang.String.hashCode()I @ 14

Classes redefined (0 events):
No events

Internal exceptions (10 events):
Event: 0.173 Thread 0x0000000004c53800 Exception <a 'java/lang/NoSuchMethodError': java.lang.Object.lambda$static$0(Ljava/lang/String;)Ljava/lang/Boolean;> (0x000000076b228080) thrown at [C:\re\workspace\8-2-build-windows-amd64-cygwin\jdk8u161\10277\hotspot\src\share\vm\interpreter\linkResolve
Event: 0.188 Thread 0x0000000004c53800 Exception <a 'java/lang/NoSuchFieldError': method resolution failed> (0x000000076b29fde0) thrown at [C:\re\workspace\8-2-build-windows-amd64-cygwin\jdk8u161\10277\hotspot\src\share\vm\prims\methodHandles.cpp, line 1167]
Event: 0.190 Thread 0x0000000004c53800 Exception <a 'java/lang/NoSuchFieldError': method resolution failed> (0x000000076b2ad1e0) thrown at [C:\re\workspace\8-2-build-windows-amd64-cygwin\jdk8u161\10277\hotspot\src\share\vm\prims\methodHandles.cpp, line 1167]
Event: 0.242 Thread 0x0000000004c53800 Exception <a 'java/security/PrivilegedActionException'> (0x000000076b3f5cb0) thrown at [C:\re\workspace\8-2-build-windows-amd64-cygwin\jdk8u161\10277\hotspot\src\share\vm\prims\jvm.cpp, line 1390]
Event: 0.242 Thread 0x0000000004c53800 Exception <a 'java/security/PrivilegedActionException'> (0x000000076b3f5ec0) thrown at [C:\re\workspace\8-2-build-windows-amd64-cygwin\jdk8u161\10277\hotspot\src\share\vm\prims\jvm.cpp, line 1390]
Event: 0.242 Thread 0x0000000004c53800 Exception <a 'java/security/PrivilegedActionException'> (0x000000076b3f9b30) thrown at [C:\re\workspace\8-2-build-windows-amd64-cygwin\jdk8u161\10277\hotspot\src\share\vm\prims\jvm.cpp, line 1390]
Event: 0.242 Thread 0x0000000004c53800 Exception <a 'java/security/PrivilegedActionException'> (0x000000076b3f9d40) thrown at [C:\re\workspace\8-2-build-windows-amd64-cygwin\jdk8u161\10277\hotspot\src\share\vm\prims\jvm.cpp, line 1390]
Event: 1.031 Thread 0x0000000004c53800 Exception <a 'java/io/FileNotFoundException'> (0x000000076b716838) thrown at [C:\re\workspace\8-2-build-windows-amd64-cygwin\jdk8u161\10277\hotspot\src\share\vm\prims\jni.cpp, line 709]
Event: 1.057 Thread 0x00000000217cb000 Exception <a 'sun/nio/fs/WindowsException'> (0x000000076b846fa0) thrown at [C:\re\workspace\8-2-build-windows-amd64-cygwin\jdk8u161\10277\hotspot\src\share\vm\prims\jni.cpp, line 709]
Event: 1.058 Thread 0x00000000217cb000 Exception <a 'sun/nio/fs/WindowsException'> (0x000000076b847798) thrown at [C:\re\workspace\8-2-build-windows-amd64-cygwin\jdk8u161\10277\hotspot\src\share\vm\prims\jni.cpp, line 709]

Events (10 events):
Event: 1.058 loading class org/lwjgl/opengl/GL$SharedLibraryGL done
Event: 1.059 loading class sun/awt/image/BytePackedRaster done
Event: 1.059 loading class com/sun/imageio/plugins/common/ReaderUtil
Event: 1.059 loading class com/sun/imageio/plugins/common/ReaderUtil done
Event: 1.059 loading class org/lwjgl/system/SharedLibrary$Delegate
Event: 1.059 loading class org/lwjgl/system/SharedLibrary$Delegate done
Event: 1.061 loading class java/io/RandomAccessFile$1
Event: 1.061 loading class java/io/RandomAccessFile$1 done
Event: 1.061 loading class org/lwjgl/opengl/GL11
Event: 1.061 loading class org/lwjgl/opengl/GL11 done


Dynamic libraries:
0x00007ff66ef30000 - 0x00007ff66ef67000 	C:\Program Files\Java\jre1.8.0_161\bin\javaw.exe
0x00007ffa44440000 - 0x00007ffa44620000 	C:\WINDOWS\SYSTEM32\ntdll.dll
0x00007ffa441e0000 - 0x00007ffa4428e000 	C:\WINDOWS\System32\KERNEL32.DLL
0x00007ffa40cc0000 - 0x00007ffa40f26000 	C:\WINDOWS\System32\KERNELBASE.dll
0x00007ffa41ca0000 - 0x00007ffa41d41000 	C:\WINDOWS\System32\ADVAPI32.dll
0x00007ffa42270000 - 0x00007ffa4230d000 	C:\WINDOWS\System32\msvcrt.dll
0x00007ffa41be0000 - 0x00007ffa41c3b000 	C:\WINDOWS\System32\sechost.dll
0x00007ffa41910000 - 0x00007ffa41a2f000 	C:\WINDOWS\System32\RPCRT4.dll
0x00007ffa41d50000 - 0x00007ffa41edf000 	C:\WINDOWS\System32\USER32.dll
0x00007ffa411a0000 - 0x00007ffa411c0000 	C:\WINDOWS\System32\win32u.dll
0x00007ffa42780000 - 0x00007ffa427a8000 	C:\WINDOWS\System32\GDI32.dll
0x00007ffa40a70000 - 0x00007ffa40c03000 	C:\WINDOWS\System32\gdi32full.dll
0x00007ffa41100000 - 0x00007ffa4119b000 	C:\WINDOWS\System32\msvcp_win.dll
0x00007ffa40840000 - 0x00007ffa40936000 	C:\WINDOWS\System32\ucrtbase.dll
0x00007ffa31ff0000 - 0x00007ffa32259000 	C:\WINDOWS\WinSxS\amd64_microsoft.windows.common-controls_6595b64144ccf1df_6.0.16299.309_none_15cfd4c4935e6b11\COMCTL32.dll
0x00007ffa427b0000 - 0x00007ffa42ab8000 	C:\WINDOWS\System32\combase.dll
0x00007ffa409f0000 - 0x00007ffa40a62000 	C:\WINDOWS\System32\bcryptPrimitives.dll
0x00007ffa42240000 - 0x00007ffa4226d000 	C:\WINDOWS\System32\IMM32.DLL
0x0000000050190000 - 0x0000000050262000 	C:\Program Files\Java\jre1.8.0_161\bin\msvcr100.dll
0x00000000509b0000 - 0x000000005124f000 	C:\Program Files\Java\jre1.8.0_161\bin\server\jvm.dll
0x00007ffa41a30000 - 0x00007ffa41a38000 	C:\WINDOWS\System32\PSAPI.DLL
0x00007ffa34970000 - 0x00007ffa34979000 	C:\WINDOWS\SYSTEM32\WSOCK32.dll
0x00007ffa44290000 - 0x00007ffa442fc000 	C:\WINDOWS\System32\WS2_32.dll
0x00007ffa34c20000 - 0x00007ffa34c43000 	C:\WINDOWS\SYSTEM32\WINMM.dll
0x00007ffa3cc30000 - 0x00007ffa3cc3a000 	C:\WINDOWS\SYSTEM32\VERSION.dll
0x00007ffa34b70000 - 0x00007ffa34b9a000 	C:\WINDOWS\SYSTEM32\WINMMBASE.dll
0x00007ffa40940000 - 0x00007ffa4098a000 	C:\WINDOWS\System32\cfgmgr32.dll
0x0000000051640000 - 0x000000005164f000 	C:\Program Files\Java\jre1.8.0_161\bin\verify.dll
0x0000000050980000 - 0x00000000509a9000 	C:\Program Files\Java\jre1.8.0_161\bin\java.dll
0x0000000050960000 - 0x0000000050976000 	C:\Program Files\Java\jre1.8.0_161\bin\zip.dll
0x00007ffa42da0000 - 0x00007ffa441d6000 	C:\WINDOWS\System32\SHELL32.dll
0x00007ffa44360000 - 0x00007ffa44406000 	C:\WINDOWS\System32\shcore.dll
0x00007ffa411c0000 - 0x00007ffa41907000 	C:\WINDOWS\System32\windows.storage.dll
0x00007ffa41c40000 - 0x00007ffa41c91000 	C:\WINDOWS\System32\shlwapi.dll
0x00007ffa40790000 - 0x00007ffa407a1000 	C:\WINDOWS\System32\kernel.appcore.dll
0x00007ffa407d0000 - 0x00007ffa4081c000 	C:\WINDOWS\System32\powrprof.dll
0x00007ffa407b0000 - 0x00007ffa407cb000 	C:\WINDOWS\System32\profapi.dll
0x0000000050940000 - 0x000000005095a000 	C:\Program Files\Java\jre1.8.0_161\bin\net.dll
0x00007ffa3ffc0000 - 0x00007ffa40026000 	C:\WINDOWS\system32\mswsock.dll
0x0000000050920000 - 0x0000000050931000 	C:\Program Files\Java\jre1.8.0_161\bin\nio.dll
0x00007ffa17a30000 - 0x00007ffa17a8b000 	C:\Users\Thomas\AppData\Local\Temp\lwjglThomas\3.1.6-build-14\lwjgl.dll
0x00007ffa0fbe0000 - 0x00007ffa0fc31000 	C:\Users\Thomas\AppData\Local\Temp\lwjglThomas\3.1.6-build-14\glfw.dll
0x00007ffa3ec90000 - 0x00007ffa3ed25000 	C:\WINDOWS\system32\uxtheme.dll
0x00007ffa16c10000 - 0x00007ffa16c53000 	C:\WINDOWS\SYSTEM32\dinput8.dll
0x00007ffa3cd00000 - 0x00007ffa3cd10000 	C:\WINDOWS\SYSTEM32\xinput1_4.dll
0x00007ffa405a0000 - 0x00007ffa405c7000 	C:\WINDOWS\SYSTEM32\DEVOBJ.dll
0x00007ffa3ed60000 - 0x00007ffa3ed8a000 	C:\WINDOWS\SYSTEM32\dwmapi.dll
0x00007ffa1b6a0000 - 0x00007ffa1b6ce000 	C:\WINDOWS\SYSTEM32\inputhost.dll
0x00007ffa3e370000 - 0x00007ffa3e44c000 	C:\WINDOWS\SYSTEM32\CoreMessaging.dll
0x00007ffa1f8a0000 - 0x00007ffa1fb8e000 	C:\WINDOWS\SYSTEM32\CoreUIComponents.dll
0x00007ffa3f9b0000 - 0x00007ffa3f9e1000 	C:\WINDOWS\SYSTEM32\ntmarta.dll
0x00007ffa3ac90000 - 0x00007ffa3adc6000 	C:\WINDOWS\SYSTEM32\wintypes.dll
0x00007ffa42000000 - 0x00007ffa42167000 	C:\WINDOWS\System32\MSCTF.dll
0x00007ffa42170000 - 0x00007ffa42235000 	C:\WINDOWS\System32\OLEAUT32.dll
0x00007ffa3fa80000 - 0x00007ffa3fa8c000 	C:\WINDOWS\SYSTEM32\HID.DLL
0x00007ffa42310000 - 0x00007ffa4275e000 	C:\WINDOWS\System32\SETUPAPI.DLL
0x00007ffa40990000 - 0x00007ffa409e8000 	C:\WINDOWS\System32\WINTRUST.dll
0x00007ffa40820000 - 0x00007ffa40832000 	C:\WINDOWS\System32\MSASN1.dll
0x00007ffa40f30000 - 0x00007ffa410fe000 	C:\WINDOWS\System32\CRYPT32.dll
0x00007ffa02a80000 - 0x00007ffa02b9e000 	C:\WINDOWS\SYSTEM32\opengl32.dll
0x00007ffa34200000 - 0x00007ffa3422c000 	C:\WINDOWS\SYSTEM32\GLU32.dll
0x0000000075dc0000 - 0x0000000077ffd000 	C:\WINDOWS\System32\DriverStore\FileRepository\nv_dispi.inf_amd64_c1a085cc86772d3f\nvoglv64.dll
0x00007ffa42bc0000 - 0x00007ffa42d09000 	C:\WINDOWS\System32\ole32.dll
0x00007ffa3d140000 - 0x00007ffa3d153000 	C:\WINDOWS\SYSTEM32\WTSAPI32.dll
0x00007ff9fbf40000 - 0x00007ff9fc199000 	C:\WINDOWS\system32\nvspcap64.dll
0x00007ffa40080000 - 0x00007ffa400d5000 	C:\WINDOWS\SYSTEM32\WINSTA.dll
0x00007ffa1cd00000 - 0x00007ffa1cd98000 	C:\WINDOWS\System32\TextInputFramework.dll
0x0000000075c20000 - 0x0000000075db8000 	C:\Program Files\Java\jre1.8.0_161\bin\awt.dll
0x00007ffa3ea40000 - 0x00007ffa3eac8000 	C:\WINDOWS\SYSTEM32\apphelp.dll
0x00007ffa0d930000 - 0x00007ffa0d98f000 	C:\Users\Thomas\AppData\Local\Temp\lwjglThomas\3.1.6-build-14\lwjgl_opengl.dll
0x00007ffa3b610000 - 0x00007ffa3b7d8000 	C:\WINDOWS\SYSTEM32\dbghelp.dll

VM Arguments:
jvm_args: -Djava.library.path=C:\Users\Thomas\Downloads\lwjgl3 -Dfile.encoding=Cp1252 
java_command: main.Client
java_class_path (initial): C:\Program Files\Java\jre1.8.0_161\lib\resources.jar;C:\Program Files\Java\jre1.8.0_161\lib\rt.jar;C:\Program Files\Java\jre1.8.0_161\lib\jsse.jar;C:\Program Files\Java\jre1.8.0_161\lib\jce.jar;C:\Program Files\Java\jre1.8.0_161\lib\charsets.jar;C:\Program Files\Java\jre1.8.0_161\lib\jfr.jar;C:\Program Files\Java\jre1.8.0_161\lib\ext\access-bridge-64.jar;C:\Program Files\Java\jre1.8.0_161\lib\ext\cldrdata.jar;C:\Program Files\Java\jre1.8.0_161\lib\ext\dnsns.jar;C:\Program Files\Java\jre1.8.0_161\lib\ext\jaccess.jar;C:\Program Files\Java\jre1.8.0_161\lib\ext\jfxrt.jar;C:\Program Files\Java\jre1.8.0_161\lib\ext\localedata.jar;C:\Program Files\Java\jre1.8.0_161\lib\ext\nashorn.jar;C:\Program Files\Java\jre1.8.0_161\lib\ext\sunec.jar;C:\Program Files\Java\jre1.8.0_161\lib\ext\sunjce_provider.jar;C:\Program Files\Java\jre1.8.0_161\lib\ext\sunmscapi.jar;C:\Program Files\Java\jre1.8.0_161\lib\ext\sunpkcs11.jar;C:\Program Files\Java\jre1.8.0_161\lib\ext\zipfs.jar;C:\Users\Thomas\eclipse-workspace-2\CSMClient1.2\bin;C:\Users\Thomas\Downloads\lwjgl3\lwjgl.jar;C:\Users\Thomas\Downloads\lwjgl3\lwjgl-assimp.jar;C:\Users\Thomas\Downloads\lwjgl3\lwjgl-assimp-natives-windows.jar;C:\Users\Thomas\Downloads\lwjgl3\lwjgl-bgfx.jar;C:\Users\Thomas\Downloads\lwjgl3\lwjgl-bgfx-natives-windows.jar;C:\Users\Thomas\Downloads\lwjgl3\lwjgl-egl.jar;C:\Users\Thomas\Downloads\lwjgl3\lwjgl-glfw.jar;C:\Users\Thomas\Downloads\lwjgl3\lwjgl-glfw-natives-windows.jar;C:\Users\Thomas\Downloads\lwjgl3\lwjgl-javadoc.jar;C:\Users\Thomas\Downloads\lwjgl3\lwjgl-jawt.jar;C:\Users\Thomas\Downloads\lwjgl3\lwjgl-jemalloc.jar;C:\Users\Thomas\Downloads\lwjgl3\lwjgl-jemalloc-natives-windows.jar;C:\Users\Thomas\Downloads\lwjgl3\lwjgl-lmdb.jar;C:\Users\Thomas\Downloads\lwjgl3\lwjgl-lmdb-natives-windows.jar;C:\Users\Thomas\Downloads\lwjgl3\lwjgl-lz4.jar;C:\Users\Thomas\Downloads\lwjgl3\lwjgl-lz4-natives-windows.jar;C:\Users\Thomas\Downloads\lwjgl3\lwjgl-nanovg.jar;C:\Users\Thomas\Downloads\l
Launcher Type: SUN_STANDARD

Environment Variables:
PATH=C:/Program Files/Java/jre1.8.0_161/bin/server;C:/Program Files/Java/jre1.8.0_161/bin;C:/Program Files/Java/jre1.8.0_161/lib/amd64;C:\ProgramData\Oracle\Java\javapath;C:\WINDOWS\system32;C:\WINDOWS;C:\WINDOWS\System32\Wbem;C:\WINDOWS\System32\WindowsPowerShell\v1.0\;C:\Program Files (x86)\NVIDIA Corporation\PhysX\Common;C:\Program Files (x86)\GtkSharp\2.12\bin;C:\WINDOWS\system32;C:\WINDOWS;C:\WINDOWS\System32\Wbem;C:\WINDOWS\System32\WindowsPowerShell\v1.0\;C:\Program Files\dotnet\;C:\Program Files\Microsoft SQL Server\130\Tools\Binn\;C:\Program Files (x86)\Microsoft SQL Server\140\Tools\Binn\;C:\Program Files\Microsoft SQL Server\Client SDK\ODBC\130\Tools\Binn\;C:\Program Files\Microsoft SQL Server\140\Tools\Binn\;C:\Program Files\Microsoft SQL Server\140\DTS\Binn\;C:\ProgramData\Oracle\Java\javapath;C:\WINDOWS\system32;C:\WINDOWS;C:\WINDOWS\System32\Wbem;C:\WINDOWS\System32\WindowsPowerShell\v1.0\;C:\Users\Thomas\adb;%USERPROFILE%\AppData\Local\Microsoft\WindowsApps;;C:\Users\Thomas\eclipse\java-oxygen;
USERNAME=Thomas
OS=Windows_NT
PROCESSOR_IDENTIFIER=AMD64 Family 21 Model 1 Stepping 2, AuthenticAMD



---------------  S Y S T E M  ---------------

OS: Windows 10.0 , 64 bit Build 16299 (10.0.16299.15)

CPU:total 8 (initial active 8) (8 cores per cpu, 1 threads per core) family 21 model 1 stepping 2, cmov, cx8, fxsr, mmx, sse, sse2, sse3, ssse3, sse4.1, sse4.2, popcnt, avx, aes, clmul, mmxext, 3dnowpref, lzcnt, sse4a, tsc, tscinvbit, tscinv

Memory: 4k page, physical 16722364k(9971504k free), swap 19212732k(8044420k free)

vm_info: Java HotSpot(TM) 64-Bit Server VM (25.161-b12) for windows-amd64 JRE (1.8.0_161-b12), built on Dec 19 2017 17:52:25 by "java_re" with MS VC++ 10.0 (VS2010)

time: Thu Apr 05 02:23:28 2018
elapsed time: 1 seconds (0d 0h 0m 1s)

